Flow report for counter2
Thu Oct 28 15:20:13 2021
Quartus Prime Version 19.1.0 Build 670 09/22/2019 SJ Lite Edition


---------------------
; Table of Contents ;
---------------------
  1. Legal Notice
  2. Flow Summary
  3. Flow Settings
  4. Flow Non-Default Global Settings
  5. Flow Elapsed Time
  6. Flow OS Summary
  7. Flow Log
  8. Flow Messages
  9. Flow Suppressed Messages



----------------
; Legal Notice ;
----------------
Copyright (C) 2019  Intel Corporation. All rights reserved.
Your use of Intel Corporation's design tools, logic functions 
and other software and tools, and any partner logic 
functions, and any output files from any of the foregoing 
(including device programming or simulation files), and any 
associated documentation or information are expressly subject 
to the terms and conditions of the Intel Program License 
Subscription Agreement, the Intel Quartus Prime License Agreement,
the Intel FPGA IP License Agreement, or other applicable license
agreement, including, without limitation, that your use is for
the sole purpose of programming logic devices manufactured by
Intel and sold by Intel or its authorized distributors.  Please
refer to the applicable agreement for further details, at
https://fpgasoftware.intel.com/eula.



+----------------------------------------------------------------------------------+
; Flow Summary                                                                     ;
+------------------------------------+---------------------------------------------+
; Flow Status                        ; Successful - Thu Oct 28 15:20:04 2021       ;
; Quartus Prime Version              ; 19.1.0 Build 670 09/22/2019 SJ Lite Edition ;
; Revision Name                      ; counter2                                    ;
; Top-level Entity Name              ; counter2                                    ;
; Family                             ; Cyclone 10 LP                               ;
; Device                             ; 10CL006YE144C8G                             ;
; Timing Models                      ; Final                                       ;
; Total logic elements               ; 8 / 6,272 ( < 1 % )                         ;
;     Total combinational functions  ; 8 / 6,272 ( < 1 % )                         ;
;     Dedicated logic registers      ; 8 / 6,272 ( < 1 % )                         ;
; Total registers                    ; 8                                           ;
; Total pins                         ; 11 / 89 ( 12 % )                            ;
; Total virtual pins                 ; 0                                           ;
; Total memory bits                  ; 0 / 276,480 ( 0 % )                         ;
; Embedded Multiplier 9-bit elements ; 0 / 30 ( 0 % )                              ;
; Total PLLs                         ; 0 / 2 ( 0 % )                               ;
+------------------------------------+---------------------------------------------+


+-----------------------------------------+
; Flow Settings                           ;
+-------------------+---------------------+
; Option            ; Setting             ;
+-------------------+---------------------+
; Start date & time ; 10/28/2021 15:19:22 ;
; Main task         ; Compilation         ;
; Revision Name     ; counter2            ;
+-------------------+---------------------+


+--------------------------------------------------------------------------------------------------+
; Flow Non-Default Global Settings                                                                 ;
+-----------------------+-------------------------------+---------------+-------------+------------+
; Assignment Name       ; Value                         ; Default Value ; Entity Name ; Section Id ;
+-----------------------+-------------------------------+---------------+-------------+------------+
; COMPILER_SIGNATURE_ID ; 8796755222810.163542716201282 ; --            ; --          ; --         ;
+-----------------------+-------------------------------+---------------+-------------+------------+


+--------------------------------------------------------------------------------------------------------------------------+
; Flow Elapsed Time                                                                                                        ;
+----------------------+--------------+-------------------------+---------------------+------------------------------------+
; Module Name          ; Elapsed Time ; Average Processors Used ; Peak Virtual Memory ; Total CPU Time (on all processors) ;
+----------------------+--------------+-------------------------+---------------------+------------------------------------+
; Analysis & Synthesis ; 00:00:26     ; 1.0                     ; 948 MB              ; 00:00:23                           ;
; Fitter               ; 00:00:11     ; 1.0                     ; 1138 MB             ; 00:00:08                           ;
; Assembler            ; 00:00:05     ; 1.0                     ; 832 MB              ; 00:00:05                           ;
; Timing Analyzer      ; 00:00:07     ; 1.0                     ; 778 MB              ; 00:00:05                           ;
; Total                ; 00:00:49     ; --                      ; --                  ; 00:00:41                           ;
+----------------------+--------------+-------------------------+---------------------+------------------------------------+


+----------------------------------------------------------------------------------------+
; Flow OS Summary                                                                        ;
+----------------------+------------------+----------------+------------+----------------+
; Module Name          ; Machine Hostname ; OS Name        ; OS Version ; Processor type ;
+----------------------+------------------+----------------+------------+----------------+
; Analysis & Synthesis ; peio-vbox-u18-0  ; Ubuntu 18.04.5 ; 18         ; x86_64         ;
; Fitter               ; peio-vbox-u18-0  ; Ubuntu 18.04.5 ; 18         ; x86_64         ;
; Assembler            ; peio-vbox-u18-0  ; Ubuntu 18.04.5 ; 18         ; x86_64         ;
; Timing Analyzer      ; peio-vbox-u18-0  ; Ubuntu 18.04.5 ; 18         ; x86_64         ;
+----------------------+------------------+----------------+------------+----------------+


------------
; Flow Log ;
------------
quartus_map --read_settings_files=on --write_settings_files=off counter2 -c counter2
quartus_fit --read_settings_files=off --write_settings_files=off counter2 -c counter2
quartus_asm --read_settings_files=off --write_settings_files=off counter2 -c counter2
quartus_sta counter2 -c counter2



