Timing Analyzer report for counter2
Thu Oct 28 15:20:13 2021
Quartus Prime Version 19.1.0 Build 670 09/22/2019 SJ Lite Edition


---------------------
; Table of Contents ;
---------------------
  1. Legal Notice
  2. Timing Analyzer Summary
  3. SDC File List
  4. Clocks
  5. Slow 1200mV 85C Model Fmax Summary
  6. Timing Closure Recommendations
  7. Slow 1200mV 85C Model Setup Summary
  8. Slow 1200mV 85C Model Hold Summary
  9. Slow 1200mV 85C Model Recovery Summary
 10. Slow 1200mV 85C Model Removal Summary
 11. Slow 1200mV 85C Model Minimum Pulse Width Summary
 12. Slow 1200mV 85C Model Setup: 'clk_i'
 13. Slow 1200mV 85C Model Hold: 'clk_i'
 14. Slow 1200mV 85C Model Metastability Summary
 15. Slow 1200mV 0C Model Fmax Summary
 16. Slow 1200mV 0C Model Setup Summary
 17. Slow 1200mV 0C Model Hold Summary
 18. Slow 1200mV 0C Model Recovery Summary
 19. Slow 1200mV 0C Model Removal Summary
 20. Slow 1200mV 0C Model Minimum Pulse Width Summary
 21. Slow 1200mV 0C Model Setup: 'clk_i'
 22. Slow 1200mV 0C Model Hold: 'clk_i'
 23. Slow 1200mV 0C Model Metastability Summary
 24. Fast 1200mV 0C Model Setup Summary
 25. Fast 1200mV 0C Model Hold Summary
 26. Fast 1200mV 0C Model Recovery Summary
 27. Fast 1200mV 0C Model Removal Summary
 28. Fast 1200mV 0C Model Minimum Pulse Width Summary
 29. Fast 1200mV 0C Model Setup: 'clk_i'
 30. Fast 1200mV 0C Model Hold: 'clk_i'
 31. Fast 1200mV 0C Model Metastability Summary
 32. Multicorner Timing Analysis Summary
 33. Board Trace Model Assignments
 34. Input Transition Times
 35. Signal Integrity Metrics (Slow 1200mv 0c Model)
 36. Signal Integrity Metrics (Slow 1200mv 85c Model)
 37. Signal Integrity Metrics (Fast 1200mv 0c Model)
 38. Setup Transfers
 39. Hold Transfers
 40. Report TCCS
 41. Report RSKM
 42. Unconstrained Paths Summary
 43. Clock Status Summary
 44. Unconstrained Input Ports
 45. Unconstrained Output Ports
 46. Unconstrained Input Ports
 47. Unconstrained Output Ports
 48. Timing Analyzer Messages



----------------
; Legal Notice ;
----------------
Copyright (C) 2019  Intel Corporation. All rights reserved.
Your use of Intel Corporation's design tools, logic functions 
and other software and tools, and any partner logic 
functions, and any output files from any of the foregoing 
(including device programming or simulation files), and any 
associated documentation or information are expressly subject 
to the terms and conditions of the Intel Program License 
Subscription Agreement, the Intel Quartus Prime License Agreement,
the Intel FPGA IP License Agreement, or other applicable license
agreement, including, without limitation, that your use is for
the sole purpose of programming logic devices manufactured by
Intel and sold by Intel or its authorized distributors.  Please
refer to the applicable agreement for further details, at
https://fpgasoftware.intel.com/eula.



+-----------------------------------------------------------------------------+
; Timing Analyzer Summary                                                     ;
+-----------------------+-----------------------------------------------------+
; Quartus Prime Version ; Version 19.1.0 Build 670 09/22/2019 SJ Lite Edition ;
; Timing Analyzer       ; Timing Analyzer                                     ;
; Revision Name         ; counter2                                            ;
; Device Family         ; Cyclone 10 LP                                       ;
; Device Name           ; 10CL006YE144C8G                                     ;
; Timing Models         ; Final                                               ;
; Delay Model           ; Combined                                            ;
; Rise/Fall Delays      ; Enabled                                             ;
+-----------------------+-----------------------------------------------------+


+-----------------------------------------------------+
; SDC File List                                       ;
+-----------------+--------+--------------------------+
; SDC File Path   ; Status ; Read at                  ;
+-----------------+--------+--------------------------+
; ../counter2.sdc ; OK     ; Thu Oct 28 15:20:11 2021 ;
+-----------------+--------+--------------------------+


+-----------------------------------------------------------------------------------------------------------------------------------------------------------------------------------+
; Clocks                                                                                                                                                                            ;
+------------+------+--------+-----------+-------+--------+------------+-----------+-------------+-------+--------+-----------+------------+----------+--------+--------+-----------+
; Clock Name ; Type ; Period ; Frequency ; Rise  ; Fall   ; Duty Cycle ; Divide by ; Multiply by ; Phase ; Offset ; Edge List ; Edge Shift ; Inverted ; Master ; Source ; Targets   ;
+------------+------+--------+-----------+-------+--------+------------+-----------+-------------+-------+--------+-----------+------------+----------+--------+--------+-----------+
; clk_i      ; Base ; 25.000 ; 40.0 MHz  ; 0.000 ; 12.500 ;            ;           ;             ;       ;        ;           ;            ;          ;        ;        ; { clk_i } ;
+------------+------+--------+-----------+-------+--------+------------+-----------+-------------+-------+--------+-----------+------------+----------+--------+--------+-----------+


+-----------------------------------------------------------------------------------------------------------+
; Slow 1200mV 85C Model Fmax Summary                                                                        ;
+------------+-----------------+------------+---------------------------------------------------------------+
; Fmax       ; Restricted Fmax ; Clock Name ; Note                                                          ;
+------------+-----------------+------------+---------------------------------------------------------------+
; 427.17 MHz ; 250.0 MHz       ; clk_i      ; limit due to minimum period restriction (max I/O toggle rate) ;
+------------+-----------------+------------+---------------------------------------------------------------+
This panel reports FMAX for every clock in the design, regardless of the user-specified clock periods.  FMAX is only computed for paths where the source and destination registers or ports are driven by the same clock.  Paths of different clocks, including generated clocks, are ignored.  For paths between a clock and its inversion, FMAX is computed as if the rising and falling edges are scaled along with FMAX, such that the duty cycle (in terms of a percentage) is maintained. Altera recommends that you always use clock constraints and other slack reports for sign-off analysis.


----------------------------------
; Timing Closure Recommendations ;
----------------------------------
HTML report is unavailable in plain text report export.


+-------------------------------------+
; Slow 1200mV 85C Model Setup Summary ;
+-------+--------+--------------------+
; Clock ; Slack  ; End Point TNS      ;
+-------+--------+--------------------+
; clk_i ; 22.659 ; 0.000              ;
+-------+--------+--------------------+


+------------------------------------+
; Slow 1200mV 85C Model Hold Summary ;
+-------+-------+--------------------+
; Clock ; Slack ; End Point TNS      ;
+-------+-------+--------------------+
; clk_i ; 0.453 ; 0.000              ;
+-------+-------+--------------------+


------------------------------------------
; Slow 1200mV 85C Model Recovery Summary ;
------------------------------------------
No paths to report.


-----------------------------------------
; Slow 1200mV 85C Model Removal Summary ;
-----------------------------------------
No paths to report.


+---------------------------------------------------+
; Slow 1200mV 85C Model Minimum Pulse Width Summary ;
+-------+--------+----------------------------------+
; Clock ; Slack  ; End Point TNS                    ;
+-------+--------+----------------------------------+
; clk_i ; 12.196 ; 0.000                            ;
+-------+--------+----------------------------------+


+----------------------------------------------------------------------------------------------------------------------------+
; Slow 1200mV 85C Model Setup: 'clk_i'                                                                                       ;
+--------+----------------------+----------------------+--------------+-------------+--------------+------------+------------+
; Slack  ; From Node            ; To Node              ; Launch Clock ; Latch Clock ; Relationship ; Clock Skew ; Data Delay ;
+--------+----------------------+----------------------+--------------+-------------+--------------+------------+------------+
; 22.659 ; cnt:uu1|\CNT_P:iq[2] ; cnt:uu1|\CNT_P:iq[7] ; clk_i        ; clk_i       ; 25.000       ; -0.081     ; 2.261      ;
; 22.750 ; cnt:uu1|\CNT_P:iq[1] ; cnt:uu1|\CNT_P:iq[7] ; clk_i        ; clk_i       ; 25.000       ; -0.081     ; 2.170      ;
; 22.755 ; cnt:uu1|\CNT_P:iq[0] ; cnt:uu1|\CNT_P:iq[7] ; clk_i        ; clk_i       ; 25.000       ; -0.081     ; 2.165      ;
; 22.772 ; cnt:uu1|\CNT_P:iq[0] ; cnt:uu1|\CNT_P:iq[6] ; clk_i        ; clk_i       ; 25.000       ; -0.081     ; 2.148      ;
; 22.778 ; cnt:uu1|\CNT_P:iq[1] ; cnt:uu1|\CNT_P:iq[6] ; clk_i        ; clk_i       ; 25.000       ; -0.081     ; 2.142      ;
; 22.805 ; cnt:uu1|\CNT_P:iq[2] ; cnt:uu1|\CNT_P:iq[5] ; clk_i        ; clk_i       ; 25.000       ; -0.081     ; 2.115      ;
; 22.808 ; cnt:uu1|\CNT_P:iq[4] ; cnt:uu1|\CNT_P:iq[7] ; clk_i        ; clk_i       ; 25.000       ; -0.081     ; 2.112      ;
; 22.835 ; cnt:uu1|\CNT_P:iq[2] ; cnt:uu1|\CNT_P:iq[6] ; clk_i        ; clk_i       ; 25.000       ; -0.081     ; 2.085      ;
; 22.895 ; cnt:uu1|\CNT_P:iq[3] ; cnt:uu1|\CNT_P:iq[7] ; clk_i        ; clk_i       ; 25.000       ; -0.081     ; 2.025      ;
; 22.896 ; cnt:uu1|\CNT_P:iq[1] ; cnt:uu1|\CNT_P:iq[5] ; clk_i        ; clk_i       ; 25.000       ; -0.081     ; 2.024      ;
; 22.901 ; cnt:uu1|\CNT_P:iq[0] ; cnt:uu1|\CNT_P:iq[5] ; clk_i        ; clk_i       ; 25.000       ; -0.081     ; 2.019      ;
; 22.918 ; cnt:uu1|\CNT_P:iq[0] ; cnt:uu1|\CNT_P:iq[4] ; clk_i        ; clk_i       ; 25.000       ; -0.081     ; 2.002      ;
; 22.923 ; cnt:uu1|\CNT_P:iq[3] ; cnt:uu1|\CNT_P:iq[6] ; clk_i        ; clk_i       ; 25.000       ; -0.081     ; 1.997      ;
; 22.924 ; cnt:uu1|\CNT_P:iq[1] ; cnt:uu1|\CNT_P:iq[4] ; clk_i        ; clk_i       ; 25.000       ; -0.081     ; 1.996      ;
; 22.950 ; cnt:uu1|\CNT_P:iq[6] ; cnt:uu1|\CNT_P:iq[7] ; clk_i        ; clk_i       ; 25.000       ; -0.081     ; 1.970      ;
; 22.951 ; cnt:uu1|\CNT_P:iq[2] ; cnt:uu1|\CNT_P:iq[3] ; clk_i        ; clk_i       ; 25.000       ; -0.081     ; 1.969      ;
; 22.954 ; cnt:uu1|\CNT_P:iq[4] ; cnt:uu1|\CNT_P:iq[5] ; clk_i        ; clk_i       ; 25.000       ; -0.081     ; 1.966      ;
; 22.981 ; cnt:uu1|\CNT_P:iq[2] ; cnt:uu1|\CNT_P:iq[4] ; clk_i        ; clk_i       ; 25.000       ; -0.081     ; 1.939      ;
; 22.984 ; cnt:uu1|\CNT_P:iq[4] ; cnt:uu1|\CNT_P:iq[6] ; clk_i        ; clk_i       ; 25.000       ; -0.081     ; 1.936      ;
; 23.041 ; cnt:uu1|\CNT_P:iq[3] ; cnt:uu1|\CNT_P:iq[5] ; clk_i        ; clk_i       ; 25.000       ; -0.081     ; 1.879      ;
; 23.042 ; cnt:uu1|\CNT_P:iq[1] ; cnt:uu1|\CNT_P:iq[3] ; clk_i        ; clk_i       ; 25.000       ; -0.081     ; 1.878      ;
; 23.047 ; cnt:uu1|\CNT_P:iq[0] ; cnt:uu1|\CNT_P:iq[3] ; clk_i        ; clk_i       ; 25.000       ; -0.081     ; 1.873      ;
; 23.048 ; cnt:uu1|\CNT_P:iq[5] ; cnt:uu1|\CNT_P:iq[7] ; clk_i        ; clk_i       ; 25.000       ; -0.081     ; 1.872      ;
; 23.064 ; cnt:uu1|\CNT_P:iq[0] ; cnt:uu1|\CNT_P:iq[2] ; clk_i        ; clk_i       ; 25.000       ; -0.081     ; 1.856      ;
; 23.065 ; cnt:uu1|\CNT_P:iq[5] ; cnt:uu1|\CNT_P:iq[6] ; clk_i        ; clk_i       ; 25.000       ; -0.081     ; 1.855      ;
; 23.069 ; cnt:uu1|\CNT_P:iq[3] ; cnt:uu1|\CNT_P:iq[4] ; clk_i        ; clk_i       ; 25.000       ; -0.081     ; 1.851      ;
; 23.070 ; cnt:uu1|\CNT_P:iq[1] ; cnt:uu1|\CNT_P:iq[2] ; clk_i        ; clk_i       ; 25.000       ; -0.081     ; 1.850      ;
; 23.625 ; cnt:uu1|\CNT_P:iq[3] ; cnt:uu1|\CNT_P:iq[3] ; clk_i        ; clk_i       ; 25.000       ; -0.081     ; 1.295      ;
; 23.626 ; cnt:uu1|\CNT_P:iq[1] ; cnt:uu1|\CNT_P:iq[1] ; clk_i        ; clk_i       ; 25.000       ; -0.081     ; 1.294      ;
; 23.632 ; cnt:uu1|\CNT_P:iq[0] ; cnt:uu1|\CNT_P:iq[1] ; clk_i        ; clk_i       ; 25.000       ; -0.081     ; 1.288      ;
; 23.633 ; cnt:uu1|\CNT_P:iq[5] ; cnt:uu1|\CNT_P:iq[5] ; clk_i        ; clk_i       ; 25.000       ; -0.081     ; 1.287      ;
; 23.649 ; cnt:uu1|\CNT_P:iq[6] ; cnt:uu1|\CNT_P:iq[6] ; clk_i        ; clk_i       ; 25.000       ; -0.081     ; 1.271      ;
; 23.650 ; cnt:uu1|\CNT_P:iq[2] ; cnt:uu1|\CNT_P:iq[2] ; clk_i        ; clk_i       ; 25.000       ; -0.081     ; 1.270      ;
; 23.652 ; cnt:uu1|\CNT_P:iq[4] ; cnt:uu1|\CNT_P:iq[4] ; clk_i        ; clk_i       ; 25.000       ; -0.081     ; 1.268      ;
; 23.999 ; cnt:uu1|\CNT_P:iq[7] ; cnt:uu1|\CNT_P:iq[7] ; clk_i        ; clk_i       ; 25.000       ; -0.081     ; 0.921      ;
; 24.062 ; cnt:uu1|\CNT_P:iq[0] ; cnt:uu1|\CNT_P:iq[0] ; clk_i        ; clk_i       ; 25.000       ; -0.081     ; 0.858      ;
+--------+----------------------+----------------------+--------------+-------------+--------------+------------+------------+


+---------------------------------------------------------------------------------------------------------------------------+
; Slow 1200mV 85C Model Hold: 'clk_i'                                                                                       ;
+-------+----------------------+----------------------+--------------+-------------+--------------+------------+------------+
; Slack ; From Node            ; To Node              ; Launch Clock ; Latch Clock ; Relationship ; Clock Skew ; Data Delay ;
+-------+----------------------+----------------------+--------------+-------------+--------------+------------+------------+
; 0.453 ; cnt:uu1|\CNT_P:iq[0] ; cnt:uu1|\CNT_P:iq[0] ; clk_i        ; clk_i       ; 0.000        ; 0.081      ; 0.746      ;
; 0.509 ; cnt:uu1|\CNT_P:iq[7] ; cnt:uu1|\CNT_P:iq[7] ; clk_i        ; clk_i       ; 0.000        ; 0.081      ; 0.802      ;
; 0.763 ; cnt:uu1|\CNT_P:iq[4] ; cnt:uu1|\CNT_P:iq[4] ; clk_i        ; clk_i       ; 0.000        ; 0.081      ; 1.056      ;
; 0.764 ; cnt:uu1|\CNT_P:iq[2] ; cnt:uu1|\CNT_P:iq[2] ; clk_i        ; clk_i       ; 0.000        ; 0.081      ; 1.057      ;
; 0.764 ; cnt:uu1|\CNT_P:iq[3] ; cnt:uu1|\CNT_P:iq[3] ; clk_i        ; clk_i       ; 0.000        ; 0.081      ; 1.057      ;
; 0.765 ; cnt:uu1|\CNT_P:iq[6] ; cnt:uu1|\CNT_P:iq[6] ; clk_i        ; clk_i       ; 0.000        ; 0.081      ; 1.058      ;
; 0.766 ; cnt:uu1|\CNT_P:iq[5] ; cnt:uu1|\CNT_P:iq[5] ; clk_i        ; clk_i       ; 0.000        ; 0.081      ; 1.059      ;
; 0.783 ; cnt:uu1|\CNT_P:iq[1] ; cnt:uu1|\CNT_P:iq[1] ; clk_i        ; clk_i       ; 0.000        ; 0.081      ; 1.076      ;
; 0.785 ; cnt:uu1|\CNT_P:iq[0] ; cnt:uu1|\CNT_P:iq[1] ; clk_i        ; clk_i       ; 0.000        ; 0.081      ; 1.078      ;
; 1.118 ; cnt:uu1|\CNT_P:iq[2] ; cnt:uu1|\CNT_P:iq[3] ; clk_i        ; clk_i       ; 0.000        ; 0.081      ; 1.411      ;
; 1.118 ; cnt:uu1|\CNT_P:iq[4] ; cnt:uu1|\CNT_P:iq[5] ; clk_i        ; clk_i       ; 0.000        ; 0.081      ; 1.411      ;
; 1.119 ; cnt:uu1|\CNT_P:iq[6] ; cnt:uu1|\CNT_P:iq[7] ; clk_i        ; clk_i       ; 0.000        ; 0.081      ; 1.412      ;
; 1.125 ; cnt:uu1|\CNT_P:iq[1] ; cnt:uu1|\CNT_P:iq[2] ; clk_i        ; clk_i       ; 0.000        ; 0.081      ; 1.418      ;
; 1.125 ; cnt:uu1|\CNT_P:iq[3] ; cnt:uu1|\CNT_P:iq[4] ; clk_i        ; clk_i       ; 0.000        ; 0.081      ; 1.418      ;
; 1.127 ; cnt:uu1|\CNT_P:iq[5] ; cnt:uu1|\CNT_P:iq[6] ; clk_i        ; clk_i       ; 0.000        ; 0.081      ; 1.420      ;
; 1.128 ; cnt:uu1|\CNT_P:iq[0] ; cnt:uu1|\CNT_P:iq[2] ; clk_i        ; clk_i       ; 0.000        ; 0.081      ; 1.421      ;
; 1.134 ; cnt:uu1|\CNT_P:iq[1] ; cnt:uu1|\CNT_P:iq[3] ; clk_i        ; clk_i       ; 0.000        ; 0.081      ; 1.427      ;
; 1.134 ; cnt:uu1|\CNT_P:iq[3] ; cnt:uu1|\CNT_P:iq[5] ; clk_i        ; clk_i       ; 0.000        ; 0.081      ; 1.427      ;
; 1.136 ; cnt:uu1|\CNT_P:iq[5] ; cnt:uu1|\CNT_P:iq[7] ; clk_i        ; clk_i       ; 0.000        ; 0.081      ; 1.429      ;
; 1.137 ; cnt:uu1|\CNT_P:iq[0] ; cnt:uu1|\CNT_P:iq[3] ; clk_i        ; clk_i       ; 0.000        ; 0.081      ; 1.430      ;
; 1.249 ; cnt:uu1|\CNT_P:iq[4] ; cnt:uu1|\CNT_P:iq[6] ; clk_i        ; clk_i       ; 0.000        ; 0.081      ; 1.542      ;
; 1.249 ; cnt:uu1|\CNT_P:iq[2] ; cnt:uu1|\CNT_P:iq[4] ; clk_i        ; clk_i       ; 0.000        ; 0.081      ; 1.542      ;
; 1.258 ; cnt:uu1|\CNT_P:iq[4] ; cnt:uu1|\CNT_P:iq[7] ; clk_i        ; clk_i       ; 0.000        ; 0.081      ; 1.551      ;
; 1.258 ; cnt:uu1|\CNT_P:iq[2] ; cnt:uu1|\CNT_P:iq[5] ; clk_i        ; clk_i       ; 0.000        ; 0.081      ; 1.551      ;
; 1.265 ; cnt:uu1|\CNT_P:iq[3] ; cnt:uu1|\CNT_P:iq[6] ; clk_i        ; clk_i       ; 0.000        ; 0.081      ; 1.558      ;
; 1.265 ; cnt:uu1|\CNT_P:iq[1] ; cnt:uu1|\CNT_P:iq[4] ; clk_i        ; clk_i       ; 0.000        ; 0.081      ; 1.558      ;
; 1.268 ; cnt:uu1|\CNT_P:iq[0] ; cnt:uu1|\CNT_P:iq[4] ; clk_i        ; clk_i       ; 0.000        ; 0.081      ; 1.561      ;
; 1.274 ; cnt:uu1|\CNT_P:iq[1] ; cnt:uu1|\CNT_P:iq[5] ; clk_i        ; clk_i       ; 0.000        ; 0.081      ; 1.567      ;
; 1.274 ; cnt:uu1|\CNT_P:iq[3] ; cnt:uu1|\CNT_P:iq[7] ; clk_i        ; clk_i       ; 0.000        ; 0.081      ; 1.567      ;
; 1.277 ; cnt:uu1|\CNT_P:iq[0] ; cnt:uu1|\CNT_P:iq[5] ; clk_i        ; clk_i       ; 0.000        ; 0.081      ; 1.570      ;
; 1.389 ; cnt:uu1|\CNT_P:iq[2] ; cnt:uu1|\CNT_P:iq[6] ; clk_i        ; clk_i       ; 0.000        ; 0.081      ; 1.682      ;
; 1.398 ; cnt:uu1|\CNT_P:iq[2] ; cnt:uu1|\CNT_P:iq[7] ; clk_i        ; clk_i       ; 0.000        ; 0.081      ; 1.691      ;
; 1.405 ; cnt:uu1|\CNT_P:iq[1] ; cnt:uu1|\CNT_P:iq[6] ; clk_i        ; clk_i       ; 0.000        ; 0.081      ; 1.698      ;
; 1.408 ; cnt:uu1|\CNT_P:iq[0] ; cnt:uu1|\CNT_P:iq[6] ; clk_i        ; clk_i       ; 0.000        ; 0.081      ; 1.701      ;
; 1.414 ; cnt:uu1|\CNT_P:iq[1] ; cnt:uu1|\CNT_P:iq[7] ; clk_i        ; clk_i       ; 0.000        ; 0.081      ; 1.707      ;
; 1.417 ; cnt:uu1|\CNT_P:iq[0] ; cnt:uu1|\CNT_P:iq[7] ; clk_i        ; clk_i       ; 0.000        ; 0.081      ; 1.710      ;
+-------+----------------------+----------------------+--------------+-------------+--------------+------------+------------+


-----------------------------------------------
; Slow 1200mV 85C Model Metastability Summary ;
-----------------------------------------------
No synchronizer chains to report.


+-----------------------------------------------------------------------------------------------------------+
; Slow 1200mV 0C Model Fmax Summary                                                                         ;
+------------+-----------------+------------+---------------------------------------------------------------+
; Fmax       ; Restricted Fmax ; Clock Name ; Note                                                          ;
+------------+-----------------+------------+---------------------------------------------------------------+
; 477.55 MHz ; 250.0 MHz       ; clk_i      ; limit due to minimum period restriction (max I/O toggle rate) ;
+------------+-----------------+------------+---------------------------------------------------------------+
This panel reports FMAX for every clock in the design, regardless of the user-specified clock periods.  FMAX is only computed for paths where the source and destination registers or ports are driven by the same clock.  Paths of different clocks, including generated clocks, are ignored.  For paths between a clock and its inversion, FMAX is computed as if the rising and falling edges are scaled along with FMAX, such that the duty cycle (in terms of a percentage) is maintained. Altera recommends that you always use clock constraints and other slack reports for sign-off analysis.


+------------------------------------+
; Slow 1200mV 0C Model Setup Summary ;
+-------+--------+-------------------+
; Clock ; Slack  ; End Point TNS     ;
+-------+--------+-------------------+
; clk_i ; 22.906 ; 0.000             ;
+-------+--------+-------------------+


+-----------------------------------+
; Slow 1200mV 0C Model Hold Summary ;
+-------+-------+-------------------+
; Clock ; Slack ; End Point TNS     ;
+-------+-------+-------------------+
; clk_i ; 0.401 ; 0.000             ;
+-------+-------+-------------------+


-----------------------------------------
; Slow 1200mV 0C Model Recovery Summary ;
-----------------------------------------
No paths to report.


----------------------------------------
; Slow 1200mV 0C Model Removal Summary ;
----------------------------------------
No paths to report.


+--------------------------------------------------+
; Slow 1200mV 0C Model Minimum Pulse Width Summary ;
+-------+--------+---------------------------------+
; Clock ; Slack  ; End Point TNS                   ;
+-------+--------+---------------------------------+
; clk_i ; 12.210 ; 0.000                           ;
+-------+--------+---------------------------------+


+----------------------------------------------------------------------------------------------------------------------------+
; Slow 1200mV 0C Model Setup: 'clk_i'                                                                                        ;
+--------+----------------------+----------------------+--------------+-------------+--------------+------------+------------+
; Slack  ; From Node            ; To Node              ; Launch Clock ; Latch Clock ; Relationship ; Clock Skew ; Data Delay ;
+--------+----------------------+----------------------+--------------+-------------+--------------+------------+------------+
; 22.906 ; cnt:uu1|\CNT_P:iq[2] ; cnt:uu1|\CNT_P:iq[7] ; clk_i        ; clk_i       ; 25.000       ; -0.073     ; 2.023      ;
; 22.984 ; cnt:uu1|\CNT_P:iq[0] ; cnt:uu1|\CNT_P:iq[6] ; clk_i        ; clk_i       ; 25.000       ; -0.073     ; 1.945      ;
; 22.989 ; cnt:uu1|\CNT_P:iq[1] ; cnt:uu1|\CNT_P:iq[7] ; clk_i        ; clk_i       ; 25.000       ; -0.073     ; 1.940      ;
; 22.990 ; cnt:uu1|\CNT_P:iq[1] ; cnt:uu1|\CNT_P:iq[6] ; clk_i        ; clk_i       ; 25.000       ; -0.073     ; 1.939      ;
; 22.994 ; cnt:uu1|\CNT_P:iq[0] ; cnt:uu1|\CNT_P:iq[7] ; clk_i        ; clk_i       ; 25.000       ; -0.073     ; 1.935      ;
; 23.032 ; cnt:uu1|\CNT_P:iq[2] ; cnt:uu1|\CNT_P:iq[5] ; clk_i        ; clk_i       ; 25.000       ; -0.073     ; 1.897      ;
; 23.035 ; cnt:uu1|\CNT_P:iq[4] ; cnt:uu1|\CNT_P:iq[7] ; clk_i        ; clk_i       ; 25.000       ; -0.073     ; 1.894      ;
; 23.071 ; cnt:uu1|\CNT_P:iq[2] ; cnt:uu1|\CNT_P:iq[6] ; clk_i        ; clk_i       ; 25.000       ; -0.073     ; 1.858      ;
; 23.110 ; cnt:uu1|\CNT_P:iq[0] ; cnt:uu1|\CNT_P:iq[4] ; clk_i        ; clk_i       ; 25.000       ; -0.073     ; 1.819      ;
; 23.115 ; cnt:uu1|\CNT_P:iq[3] ; cnt:uu1|\CNT_P:iq[7] ; clk_i        ; clk_i       ; 25.000       ; -0.073     ; 1.814      ;
; 23.115 ; cnt:uu1|\CNT_P:iq[1] ; cnt:uu1|\CNT_P:iq[5] ; clk_i        ; clk_i       ; 25.000       ; -0.073     ; 1.814      ;
; 23.116 ; cnt:uu1|\CNT_P:iq[1] ; cnt:uu1|\CNT_P:iq[4] ; clk_i        ; clk_i       ; 25.000       ; -0.073     ; 1.813      ;
; 23.116 ; cnt:uu1|\CNT_P:iq[3] ; cnt:uu1|\CNT_P:iq[6] ; clk_i        ; clk_i       ; 25.000       ; -0.073     ; 1.813      ;
; 23.120 ; cnt:uu1|\CNT_P:iq[0] ; cnt:uu1|\CNT_P:iq[5] ; clk_i        ; clk_i       ; 25.000       ; -0.073     ; 1.809      ;
; 23.157 ; cnt:uu1|\CNT_P:iq[6] ; cnt:uu1|\CNT_P:iq[7] ; clk_i        ; clk_i       ; 25.000       ; -0.073     ; 1.772      ;
; 23.158 ; cnt:uu1|\CNT_P:iq[2] ; cnt:uu1|\CNT_P:iq[3] ; clk_i        ; clk_i       ; 25.000       ; -0.073     ; 1.771      ;
; 23.161 ; cnt:uu1|\CNT_P:iq[4] ; cnt:uu1|\CNT_P:iq[5] ; clk_i        ; clk_i       ; 25.000       ; -0.073     ; 1.768      ;
; 23.197 ; cnt:uu1|\CNT_P:iq[2] ; cnt:uu1|\CNT_P:iq[4] ; clk_i        ; clk_i       ; 25.000       ; -0.073     ; 1.732      ;
; 23.200 ; cnt:uu1|\CNT_P:iq[4] ; cnt:uu1|\CNT_P:iq[6] ; clk_i        ; clk_i       ; 25.000       ; -0.073     ; 1.729      ;
; 23.236 ; cnt:uu1|\CNT_P:iq[5] ; cnt:uu1|\CNT_P:iq[6] ; clk_i        ; clk_i       ; 25.000       ; -0.073     ; 1.693      ;
; 23.236 ; cnt:uu1|\CNT_P:iq[0] ; cnt:uu1|\CNT_P:iq[2] ; clk_i        ; clk_i       ; 25.000       ; -0.073     ; 1.693      ;
; 23.241 ; cnt:uu1|\CNT_P:iq[3] ; cnt:uu1|\CNT_P:iq[5] ; clk_i        ; clk_i       ; 25.000       ; -0.073     ; 1.688      ;
; 23.241 ; cnt:uu1|\CNT_P:iq[1] ; cnt:uu1|\CNT_P:iq[3] ; clk_i        ; clk_i       ; 25.000       ; -0.073     ; 1.688      ;
; 23.242 ; cnt:uu1|\CNT_P:iq[1] ; cnt:uu1|\CNT_P:iq[2] ; clk_i        ; clk_i       ; 25.000       ; -0.073     ; 1.687      ;
; 23.242 ; cnt:uu1|\CNT_P:iq[3] ; cnt:uu1|\CNT_P:iq[4] ; clk_i        ; clk_i       ; 25.000       ; -0.073     ; 1.687      ;
; 23.246 ; cnt:uu1|\CNT_P:iq[0] ; cnt:uu1|\CNT_P:iq[3] ; clk_i        ; clk_i       ; 25.000       ; -0.073     ; 1.683      ;
; 23.247 ; cnt:uu1|\CNT_P:iq[5] ; cnt:uu1|\CNT_P:iq[7] ; clk_i        ; clk_i       ; 25.000       ; -0.073     ; 1.682      ;
; 23.761 ; cnt:uu1|\CNT_P:iq[3] ; cnt:uu1|\CNT_P:iq[3] ; clk_i        ; clk_i       ; 25.000       ; -0.073     ; 1.168      ;
; 23.761 ; cnt:uu1|\CNT_P:iq[1] ; cnt:uu1|\CNT_P:iq[1] ; clk_i        ; clk_i       ; 25.000       ; -0.073     ; 1.168      ;
; 23.766 ; cnt:uu1|\CNT_P:iq[0] ; cnt:uu1|\CNT_P:iq[1] ; clk_i        ; clk_i       ; 25.000       ; -0.073     ; 1.163      ;
; 23.767 ; cnt:uu1|\CNT_P:iq[5] ; cnt:uu1|\CNT_P:iq[5] ; clk_i        ; clk_i       ; 25.000       ; -0.073     ; 1.162      ;
; 23.780 ; cnt:uu1|\CNT_P:iq[6] ; cnt:uu1|\CNT_P:iq[6] ; clk_i        ; clk_i       ; 25.000       ; -0.073     ; 1.149      ;
; 23.781 ; cnt:uu1|\CNT_P:iq[2] ; cnt:uu1|\CNT_P:iq[2] ; clk_i        ; clk_i       ; 25.000       ; -0.073     ; 1.148      ;
; 23.782 ; cnt:uu1|\CNT_P:iq[4] ; cnt:uu1|\CNT_P:iq[4] ; clk_i        ; clk_i       ; 25.000       ; -0.073     ; 1.147      ;
; 24.092 ; cnt:uu1|\CNT_P:iq[7] ; cnt:uu1|\CNT_P:iq[7] ; clk_i        ; clk_i       ; 25.000       ; -0.073     ; 0.837      ;
; 24.159 ; cnt:uu1|\CNT_P:iq[0] ; cnt:uu1|\CNT_P:iq[0] ; clk_i        ; clk_i       ; 25.000       ; -0.073     ; 0.770      ;
+--------+----------------------+----------------------+--------------+-------------+--------------+------------+------------+


+---------------------------------------------------------------------------------------------------------------------------+
; Slow 1200mV 0C Model Hold: 'clk_i'                                                                                        ;
+-------+----------------------+----------------------+--------------+-------------+--------------+------------+------------+
; Slack ; From Node            ; To Node              ; Launch Clock ; Latch Clock ; Relationship ; Clock Skew ; Data Delay ;
+-------+----------------------+----------------------+--------------+-------------+--------------+------------+------------+
; 0.401 ; cnt:uu1|\CNT_P:iq[0] ; cnt:uu1|\CNT_P:iq[0] ; clk_i        ; clk_i       ; 0.000        ; 0.073      ; 0.669      ;
; 0.469 ; cnt:uu1|\CNT_P:iq[7] ; cnt:uu1|\CNT_P:iq[7] ; clk_i        ; clk_i       ; 0.000        ; 0.073      ; 0.737      ;
; 0.706 ; cnt:uu1|\CNT_P:iq[4] ; cnt:uu1|\CNT_P:iq[4] ; clk_i        ; clk_i       ; 0.000        ; 0.073      ; 0.974      ;
; 0.708 ; cnt:uu1|\CNT_P:iq[2] ; cnt:uu1|\CNT_P:iq[2] ; clk_i        ; clk_i       ; 0.000        ; 0.073      ; 0.976      ;
; 0.708 ; cnt:uu1|\CNT_P:iq[3] ; cnt:uu1|\CNT_P:iq[3] ; clk_i        ; clk_i       ; 0.000        ; 0.073      ; 0.976      ;
; 0.709 ; cnt:uu1|\CNT_P:iq[6] ; cnt:uu1|\CNT_P:iq[6] ; clk_i        ; clk_i       ; 0.000        ; 0.073      ; 0.977      ;
; 0.712 ; cnt:uu1|\CNT_P:iq[5] ; cnt:uu1|\CNT_P:iq[5] ; clk_i        ; clk_i       ; 0.000        ; 0.073      ; 0.980      ;
; 0.730 ; cnt:uu1|\CNT_P:iq[1] ; cnt:uu1|\CNT_P:iq[1] ; clk_i        ; clk_i       ; 0.000        ; 0.073      ; 0.998      ;
; 0.732 ; cnt:uu1|\CNT_P:iq[0] ; cnt:uu1|\CNT_P:iq[1] ; clk_i        ; clk_i       ; 0.000        ; 0.073      ; 1.000      ;
; 1.026 ; cnt:uu1|\CNT_P:iq[1] ; cnt:uu1|\CNT_P:iq[2] ; clk_i        ; clk_i       ; 0.000        ; 0.073      ; 1.294      ;
; 1.027 ; cnt:uu1|\CNT_P:iq[3] ; cnt:uu1|\CNT_P:iq[4] ; clk_i        ; clk_i       ; 0.000        ; 0.073      ; 1.295      ;
; 1.028 ; cnt:uu1|\CNT_P:iq[4] ; cnt:uu1|\CNT_P:iq[5] ; clk_i        ; clk_i       ; 0.000        ; 0.073      ; 1.296      ;
; 1.030 ; cnt:uu1|\CNT_P:iq[5] ; cnt:uu1|\CNT_P:iq[6] ; clk_i        ; clk_i       ; 0.000        ; 0.073      ; 1.298      ;
; 1.031 ; cnt:uu1|\CNT_P:iq[0] ; cnt:uu1|\CNT_P:iq[2] ; clk_i        ; clk_i       ; 0.000        ; 0.073      ; 1.299      ;
; 1.032 ; cnt:uu1|\CNT_P:iq[2] ; cnt:uu1|\CNT_P:iq[3] ; clk_i        ; clk_i       ; 0.000        ; 0.073      ; 1.300      ;
; 1.033 ; cnt:uu1|\CNT_P:iq[6] ; cnt:uu1|\CNT_P:iq[7] ; clk_i        ; clk_i       ; 0.000        ; 0.073      ; 1.301      ;
; 1.041 ; cnt:uu1|\CNT_P:iq[1] ; cnt:uu1|\CNT_P:iq[3] ; clk_i        ; clk_i       ; 0.000        ; 0.073      ; 1.309      ;
; 1.042 ; cnt:uu1|\CNT_P:iq[3] ; cnt:uu1|\CNT_P:iq[5] ; clk_i        ; clk_i       ; 0.000        ; 0.073      ; 1.310      ;
; 1.046 ; cnt:uu1|\CNT_P:iq[5] ; cnt:uu1|\CNT_P:iq[7] ; clk_i        ; clk_i       ; 0.000        ; 0.073      ; 1.314      ;
; 1.047 ; cnt:uu1|\CNT_P:iq[0] ; cnt:uu1|\CNT_P:iq[3] ; clk_i        ; clk_i       ; 0.000        ; 0.073      ; 1.315      ;
; 1.122 ; cnt:uu1|\CNT_P:iq[4] ; cnt:uu1|\CNT_P:iq[6] ; clk_i        ; clk_i       ; 0.000        ; 0.073      ; 1.390      ;
; 1.127 ; cnt:uu1|\CNT_P:iq[2] ; cnt:uu1|\CNT_P:iq[4] ; clk_i        ; clk_i       ; 0.000        ; 0.073      ; 1.395      ;
; 1.148 ; cnt:uu1|\CNT_P:iq[1] ; cnt:uu1|\CNT_P:iq[4] ; clk_i        ; clk_i       ; 0.000        ; 0.073      ; 1.416      ;
; 1.149 ; cnt:uu1|\CNT_P:iq[3] ; cnt:uu1|\CNT_P:iq[6] ; clk_i        ; clk_i       ; 0.000        ; 0.073      ; 1.417      ;
; 1.150 ; cnt:uu1|\CNT_P:iq[4] ; cnt:uu1|\CNT_P:iq[7] ; clk_i        ; clk_i       ; 0.000        ; 0.073      ; 1.418      ;
; 1.153 ; cnt:uu1|\CNT_P:iq[0] ; cnt:uu1|\CNT_P:iq[4] ; clk_i        ; clk_i       ; 0.000        ; 0.073      ; 1.421      ;
; 1.154 ; cnt:uu1|\CNT_P:iq[2] ; cnt:uu1|\CNT_P:iq[5] ; clk_i        ; clk_i       ; 0.000        ; 0.073      ; 1.422      ;
; 1.163 ; cnt:uu1|\CNT_P:iq[1] ; cnt:uu1|\CNT_P:iq[5] ; clk_i        ; clk_i       ; 0.000        ; 0.073      ; 1.431      ;
; 1.164 ; cnt:uu1|\CNT_P:iq[3] ; cnt:uu1|\CNT_P:iq[7] ; clk_i        ; clk_i       ; 0.000        ; 0.073      ; 1.432      ;
; 1.169 ; cnt:uu1|\CNT_P:iq[0] ; cnt:uu1|\CNT_P:iq[5] ; clk_i        ; clk_i       ; 0.000        ; 0.073      ; 1.437      ;
; 1.249 ; cnt:uu1|\CNT_P:iq[2] ; cnt:uu1|\CNT_P:iq[6] ; clk_i        ; clk_i       ; 0.000        ; 0.073      ; 1.517      ;
; 1.270 ; cnt:uu1|\CNT_P:iq[1] ; cnt:uu1|\CNT_P:iq[6] ; clk_i        ; clk_i       ; 0.000        ; 0.073      ; 1.538      ;
; 1.275 ; cnt:uu1|\CNT_P:iq[0] ; cnt:uu1|\CNT_P:iq[6] ; clk_i        ; clk_i       ; 0.000        ; 0.073      ; 1.543      ;
; 1.276 ; cnt:uu1|\CNT_P:iq[2] ; cnt:uu1|\CNT_P:iq[7] ; clk_i        ; clk_i       ; 0.000        ; 0.073      ; 1.544      ;
; 1.285 ; cnt:uu1|\CNT_P:iq[1] ; cnt:uu1|\CNT_P:iq[7] ; clk_i        ; clk_i       ; 0.000        ; 0.073      ; 1.553      ;
; 1.291 ; cnt:uu1|\CNT_P:iq[0] ; cnt:uu1|\CNT_P:iq[7] ; clk_i        ; clk_i       ; 0.000        ; 0.073      ; 1.559      ;
+-------+----------------------+----------------------+--------------+-------------+--------------+------------+------------+


----------------------------------------------
; Slow 1200mV 0C Model Metastability Summary ;
----------------------------------------------
No synchronizer chains to report.


+------------------------------------+
; Fast 1200mV 0C Model Setup Summary ;
+-------+--------+-------------------+
; Clock ; Slack  ; End Point TNS     ;
+-------+--------+-------------------+
; clk_i ; 23.978 ; 0.000             ;
+-------+--------+-------------------+


+-----------------------------------+
; Fast 1200mV 0C Model Hold Summary ;
+-------+-------+-------------------+
; Clock ; Slack ; End Point TNS     ;
+-------+-------+-------------------+
; clk_i ; 0.186 ; 0.000             ;
+-------+-------+-------------------+


-----------------------------------------
; Fast 1200mV 0C Model Recovery Summary ;
-----------------------------------------
No paths to report.


----------------------------------------
; Fast 1200mV 0C Model Removal Summary ;
----------------------------------------
No paths to report.


+--------------------------------------------------+
; Fast 1200mV 0C Model Minimum Pulse Width Summary ;
+-------+--------+---------------------------------+
; Clock ; Slack  ; End Point TNS                   ;
+-------+--------+---------------------------------+
; clk_i ; 11.741 ; 0.000                           ;
+-------+--------+---------------------------------+


+----------------------------------------------------------------------------------------------------------------------------+
; Fast 1200mV 0C Model Setup: 'clk_i'                                                                                        ;
+--------+----------------------+----------------------+--------------+-------------+--------------+------------+------------+
; Slack  ; From Node            ; To Node              ; Launch Clock ; Latch Clock ; Relationship ; Clock Skew ; Data Delay ;
+--------+----------------------+----------------------+--------------+-------------+--------------+------------+------------+
; 23.978 ; cnt:uu1|\CNT_P:iq[2] ; cnt:uu1|\CNT_P:iq[7] ; clk_i        ; clk_i       ; 25.000       ; -0.037     ; 0.972      ;
; 24.023 ; cnt:uu1|\CNT_P:iq[0] ; cnt:uu1|\CNT_P:iq[7] ; clk_i        ; clk_i       ; 25.000       ; -0.037     ; 0.927      ;
; 24.026 ; cnt:uu1|\CNT_P:iq[1] ; cnt:uu1|\CNT_P:iq[7] ; clk_i        ; clk_i       ; 25.000       ; -0.037     ; 0.924      ;
; 24.042 ; cnt:uu1|\CNT_P:iq[2] ; cnt:uu1|\CNT_P:iq[6] ; clk_i        ; clk_i       ; 25.000       ; -0.037     ; 0.908      ;
; 24.046 ; cnt:uu1|\CNT_P:iq[2] ; cnt:uu1|\CNT_P:iq[5] ; clk_i        ; clk_i       ; 25.000       ; -0.037     ; 0.904      ;
; 24.050 ; cnt:uu1|\CNT_P:iq[4] ; cnt:uu1|\CNT_P:iq[7] ; clk_i        ; clk_i       ; 25.000       ; -0.037     ; 0.900      ;
; 24.054 ; cnt:uu1|\CNT_P:iq[0] ; cnt:uu1|\CNT_P:iq[6] ; clk_i        ; clk_i       ; 25.000       ; -0.037     ; 0.896      ;
; 24.056 ; cnt:uu1|\CNT_P:iq[1] ; cnt:uu1|\CNT_P:iq[6] ; clk_i        ; clk_i       ; 25.000       ; -0.037     ; 0.894      ;
; 24.091 ; cnt:uu1|\CNT_P:iq[0] ; cnt:uu1|\CNT_P:iq[5] ; clk_i        ; clk_i       ; 25.000       ; -0.037     ; 0.859      ;
; 24.094 ; cnt:uu1|\CNT_P:iq[3] ; cnt:uu1|\CNT_P:iq[7] ; clk_i        ; clk_i       ; 25.000       ; -0.037     ; 0.856      ;
; 24.094 ; cnt:uu1|\CNT_P:iq[1] ; cnt:uu1|\CNT_P:iq[5] ; clk_i        ; clk_i       ; 25.000       ; -0.037     ; 0.856      ;
; 24.110 ; cnt:uu1|\CNT_P:iq[2] ; cnt:uu1|\CNT_P:iq[4] ; clk_i        ; clk_i       ; 25.000       ; -0.037     ; 0.840      ;
; 24.113 ; cnt:uu1|\CNT_P:iq[6] ; cnt:uu1|\CNT_P:iq[7] ; clk_i        ; clk_i       ; 25.000       ; -0.037     ; 0.837      ;
; 24.114 ; cnt:uu1|\CNT_P:iq[4] ; cnt:uu1|\CNT_P:iq[6] ; clk_i        ; clk_i       ; 25.000       ; -0.037     ; 0.836      ;
; 24.114 ; cnt:uu1|\CNT_P:iq[2] ; cnt:uu1|\CNT_P:iq[3] ; clk_i        ; clk_i       ; 25.000       ; -0.037     ; 0.836      ;
; 24.118 ; cnt:uu1|\CNT_P:iq[4] ; cnt:uu1|\CNT_P:iq[5] ; clk_i        ; clk_i       ; 25.000       ; -0.037     ; 0.832      ;
; 24.122 ; cnt:uu1|\CNT_P:iq[0] ; cnt:uu1|\CNT_P:iq[4] ; clk_i        ; clk_i       ; 25.000       ; -0.037     ; 0.828      ;
; 24.124 ; cnt:uu1|\CNT_P:iq[3] ; cnt:uu1|\CNT_P:iq[6] ; clk_i        ; clk_i       ; 25.000       ; -0.037     ; 0.826      ;
; 24.124 ; cnt:uu1|\CNT_P:iq[1] ; cnt:uu1|\CNT_P:iq[4] ; clk_i        ; clk_i       ; 25.000       ; -0.037     ; 0.826      ;
; 24.159 ; cnt:uu1|\CNT_P:iq[0] ; cnt:uu1|\CNT_P:iq[3] ; clk_i        ; clk_i       ; 25.000       ; -0.037     ; 0.791      ;
; 24.161 ; cnt:uu1|\CNT_P:iq[5] ; cnt:uu1|\CNT_P:iq[7] ; clk_i        ; clk_i       ; 25.000       ; -0.037     ; 0.789      ;
; 24.162 ; cnt:uu1|\CNT_P:iq[1] ; cnt:uu1|\CNT_P:iq[3] ; clk_i        ; clk_i       ; 25.000       ; -0.037     ; 0.788      ;
; 24.162 ; cnt:uu1|\CNT_P:iq[3] ; cnt:uu1|\CNT_P:iq[5] ; clk_i        ; clk_i       ; 25.000       ; -0.037     ; 0.788      ;
; 24.190 ; cnt:uu1|\CNT_P:iq[0] ; cnt:uu1|\CNT_P:iq[2] ; clk_i        ; clk_i       ; 25.000       ; -0.037     ; 0.760      ;
; 24.192 ; cnt:uu1|\CNT_P:iq[1] ; cnt:uu1|\CNT_P:iq[2] ; clk_i        ; clk_i       ; 25.000       ; -0.037     ; 0.758      ;
; 24.192 ; cnt:uu1|\CNT_P:iq[5] ; cnt:uu1|\CNT_P:iq[6] ; clk_i        ; clk_i       ; 25.000       ; -0.037     ; 0.758      ;
; 24.192 ; cnt:uu1|\CNT_P:iq[3] ; cnt:uu1|\CNT_P:iq[4] ; clk_i        ; clk_i       ; 25.000       ; -0.037     ; 0.758      ;
; 24.395 ; cnt:uu1|\CNT_P:iq[0] ; cnt:uu1|\CNT_P:iq[1] ; clk_i        ; clk_i       ; 25.000       ; -0.037     ; 0.555      ;
; 24.397 ; cnt:uu1|\CNT_P:iq[5] ; cnt:uu1|\CNT_P:iq[5] ; clk_i        ; clk_i       ; 25.000       ; -0.037     ; 0.553      ;
; 24.397 ; cnt:uu1|\CNT_P:iq[3] ; cnt:uu1|\CNT_P:iq[3] ; clk_i        ; clk_i       ; 25.000       ; -0.037     ; 0.553      ;
; 24.397 ; cnt:uu1|\CNT_P:iq[1] ; cnt:uu1|\CNT_P:iq[1] ; clk_i        ; clk_i       ; 25.000       ; -0.037     ; 0.553      ;
; 24.406 ; cnt:uu1|\CNT_P:iq[6] ; cnt:uu1|\CNT_P:iq[6] ; clk_i        ; clk_i       ; 25.000       ; -0.037     ; 0.544      ;
; 24.407 ; cnt:uu1|\CNT_P:iq[2] ; cnt:uu1|\CNT_P:iq[2] ; clk_i        ; clk_i       ; 25.000       ; -0.037     ; 0.543      ;
; 24.410 ; cnt:uu1|\CNT_P:iq[4] ; cnt:uu1|\CNT_P:iq[4] ; clk_i        ; clk_i       ; 25.000       ; -0.037     ; 0.540      ;
; 24.566 ; cnt:uu1|\CNT_P:iq[7] ; cnt:uu1|\CNT_P:iq[7] ; clk_i        ; clk_i       ; 25.000       ; -0.037     ; 0.384      ;
; 24.591 ; cnt:uu1|\CNT_P:iq[0] ; cnt:uu1|\CNT_P:iq[0] ; clk_i        ; clk_i       ; 25.000       ; -0.037     ; 0.359      ;
+--------+----------------------+----------------------+--------------+-------------+--------------+------------+------------+


+---------------------------------------------------------------------------------------------------------------------------+
; Fast 1200mV 0C Model Hold: 'clk_i'                                                                                        ;
+-------+----------------------+----------------------+--------------+-------------+--------------+------------+------------+
; Slack ; From Node            ; To Node              ; Launch Clock ; Latch Clock ; Relationship ; Clock Skew ; Data Delay ;
+-------+----------------------+----------------------+--------------+-------------+--------------+------------+------------+
; 0.186 ; cnt:uu1|\CNT_P:iq[0] ; cnt:uu1|\CNT_P:iq[0] ; clk_i        ; clk_i       ; 0.000        ; 0.037      ; 0.307      ;
; 0.204 ; cnt:uu1|\CNT_P:iq[7] ; cnt:uu1|\CNT_P:iq[7] ; clk_i        ; clk_i       ; 0.000        ; 0.037      ; 0.325      ;
; 0.304 ; cnt:uu1|\CNT_P:iq[4] ; cnt:uu1|\CNT_P:iq[4] ; clk_i        ; clk_i       ; 0.000        ; 0.037      ; 0.425      ;
; 0.305 ; cnt:uu1|\CNT_P:iq[6] ; cnt:uu1|\CNT_P:iq[6] ; clk_i        ; clk_i       ; 0.000        ; 0.037      ; 0.426      ;
; 0.305 ; cnt:uu1|\CNT_P:iq[3] ; cnt:uu1|\CNT_P:iq[3] ; clk_i        ; clk_i       ; 0.000        ; 0.037      ; 0.426      ;
; 0.306 ; cnt:uu1|\CNT_P:iq[5] ; cnt:uu1|\CNT_P:iq[5] ; clk_i        ; clk_i       ; 0.000        ; 0.037      ; 0.427      ;
; 0.306 ; cnt:uu1|\CNT_P:iq[2] ; cnt:uu1|\CNT_P:iq[2] ; clk_i        ; clk_i       ; 0.000        ; 0.037      ; 0.427      ;
; 0.311 ; cnt:uu1|\CNT_P:iq[1] ; cnt:uu1|\CNT_P:iq[1] ; clk_i        ; clk_i       ; 0.000        ; 0.037      ; 0.432      ;
; 0.313 ; cnt:uu1|\CNT_P:iq[0] ; cnt:uu1|\CNT_P:iq[1] ; clk_i        ; clk_i       ; 0.000        ; 0.037      ; 0.434      ;
; 0.453 ; cnt:uu1|\CNT_P:iq[4] ; cnt:uu1|\CNT_P:iq[5] ; clk_i        ; clk_i       ; 0.000        ; 0.037      ; 0.574      ;
; 0.454 ; cnt:uu1|\CNT_P:iq[6] ; cnt:uu1|\CNT_P:iq[7] ; clk_i        ; clk_i       ; 0.000        ; 0.037      ; 0.575      ;
; 0.455 ; cnt:uu1|\CNT_P:iq[2] ; cnt:uu1|\CNT_P:iq[3] ; clk_i        ; clk_i       ; 0.000        ; 0.037      ; 0.576      ;
; 0.463 ; cnt:uu1|\CNT_P:iq[1] ; cnt:uu1|\CNT_P:iq[2] ; clk_i        ; clk_i       ; 0.000        ; 0.037      ; 0.584      ;
; 0.463 ; cnt:uu1|\CNT_P:iq[3] ; cnt:uu1|\CNT_P:iq[4] ; clk_i        ; clk_i       ; 0.000        ; 0.037      ; 0.584      ;
; 0.464 ; cnt:uu1|\CNT_P:iq[5] ; cnt:uu1|\CNT_P:iq[6] ; clk_i        ; clk_i       ; 0.000        ; 0.037      ; 0.585      ;
; 0.466 ; cnt:uu1|\CNT_P:iq[0] ; cnt:uu1|\CNT_P:iq[2] ; clk_i        ; clk_i       ; 0.000        ; 0.037      ; 0.587      ;
; 0.466 ; cnt:uu1|\CNT_P:iq[3] ; cnt:uu1|\CNT_P:iq[5] ; clk_i        ; clk_i       ; 0.000        ; 0.037      ; 0.587      ;
; 0.466 ; cnt:uu1|\CNT_P:iq[1] ; cnt:uu1|\CNT_P:iq[3] ; clk_i        ; clk_i       ; 0.000        ; 0.037      ; 0.587      ;
; 0.467 ; cnt:uu1|\CNT_P:iq[5] ; cnt:uu1|\CNT_P:iq[7] ; clk_i        ; clk_i       ; 0.000        ; 0.037      ; 0.588      ;
; 0.469 ; cnt:uu1|\CNT_P:iq[0] ; cnt:uu1|\CNT_P:iq[3] ; clk_i        ; clk_i       ; 0.000        ; 0.037      ; 0.590      ;
; 0.516 ; cnt:uu1|\CNT_P:iq[4] ; cnt:uu1|\CNT_P:iq[6] ; clk_i        ; clk_i       ; 0.000        ; 0.037      ; 0.637      ;
; 0.518 ; cnt:uu1|\CNT_P:iq[2] ; cnt:uu1|\CNT_P:iq[4] ; clk_i        ; clk_i       ; 0.000        ; 0.037      ; 0.639      ;
; 0.519 ; cnt:uu1|\CNT_P:iq[4] ; cnt:uu1|\CNT_P:iq[7] ; clk_i        ; clk_i       ; 0.000        ; 0.037      ; 0.640      ;
; 0.521 ; cnt:uu1|\CNT_P:iq[2] ; cnt:uu1|\CNT_P:iq[5] ; clk_i        ; clk_i       ; 0.000        ; 0.037      ; 0.642      ;
; 0.529 ; cnt:uu1|\CNT_P:iq[3] ; cnt:uu1|\CNT_P:iq[6] ; clk_i        ; clk_i       ; 0.000        ; 0.037      ; 0.650      ;
; 0.529 ; cnt:uu1|\CNT_P:iq[1] ; cnt:uu1|\CNT_P:iq[4] ; clk_i        ; clk_i       ; 0.000        ; 0.037      ; 0.650      ;
; 0.532 ; cnt:uu1|\CNT_P:iq[3] ; cnt:uu1|\CNT_P:iq[7] ; clk_i        ; clk_i       ; 0.000        ; 0.037      ; 0.653      ;
; 0.532 ; cnt:uu1|\CNT_P:iq[0] ; cnt:uu1|\CNT_P:iq[4] ; clk_i        ; clk_i       ; 0.000        ; 0.037      ; 0.653      ;
; 0.532 ; cnt:uu1|\CNT_P:iq[1] ; cnt:uu1|\CNT_P:iq[5] ; clk_i        ; clk_i       ; 0.000        ; 0.037      ; 0.653      ;
; 0.535 ; cnt:uu1|\CNT_P:iq[0] ; cnt:uu1|\CNT_P:iq[5] ; clk_i        ; clk_i       ; 0.000        ; 0.037      ; 0.656      ;
; 0.584 ; cnt:uu1|\CNT_P:iq[2] ; cnt:uu1|\CNT_P:iq[6] ; clk_i        ; clk_i       ; 0.000        ; 0.037      ; 0.705      ;
; 0.587 ; cnt:uu1|\CNT_P:iq[2] ; cnt:uu1|\CNT_P:iq[7] ; clk_i        ; clk_i       ; 0.000        ; 0.037      ; 0.708      ;
; 0.595 ; cnt:uu1|\CNT_P:iq[1] ; cnt:uu1|\CNT_P:iq[6] ; clk_i        ; clk_i       ; 0.000        ; 0.037      ; 0.716      ;
; 0.598 ; cnt:uu1|\CNT_P:iq[0] ; cnt:uu1|\CNT_P:iq[6] ; clk_i        ; clk_i       ; 0.000        ; 0.037      ; 0.719      ;
; 0.598 ; cnt:uu1|\CNT_P:iq[1] ; cnt:uu1|\CNT_P:iq[7] ; clk_i        ; clk_i       ; 0.000        ; 0.037      ; 0.719      ;
; 0.601 ; cnt:uu1|\CNT_P:iq[0] ; cnt:uu1|\CNT_P:iq[7] ; clk_i        ; clk_i       ; 0.000        ; 0.037      ; 0.722      ;
+-------+----------------------+----------------------+--------------+-------------+--------------+------------+------------+


----------------------------------------------
; Fast 1200mV 0C Model Metastability Summary ;
----------------------------------------------
No synchronizer chains to report.


+------------------------------------------------------------------------------+
; Multicorner Timing Analysis Summary                                          ;
+------------------+--------+-------+----------+---------+---------------------+
; Clock            ; Setup  ; Hold  ; Recovery ; Removal ; Minimum Pulse Width ;
+------------------+--------+-------+----------+---------+---------------------+
; Worst-case Slack ; 22.659 ; 0.186 ; N/A      ; N/A     ; 11.741              ;
;  clk_i           ; 22.659 ; 0.186 ; N/A      ; N/A     ; 11.741              ;
; Design-wide TNS  ; 0.0    ; 0.0   ; 0.0      ; 0.0     ; 0.0                 ;
;  clk_i           ; 0.000  ; 0.000 ; N/A      ; N/A     ; 0.000               ;
+------------------+--------+-------+----------+---------+---------------------+


+------------------------------------------------------------------------------------------------------------------------------------------------------------------------------------------------------------------------------------------------------------------------------------------------------------------------------------------------------------------------------------------------------------------+
; Board Trace Model Assignments                                                                                                                                                                                                                                                                                                                                                                                    ;
+---------------+--------------+-------------------+-------------------------+-------------------------+---------------+---------------------+----------------+------------------+--------+------------------+------------------------+------------------------+--------------+---------------+-----------------+-------+---------------------+--------------------+---------------+-----------------+-------------+
; Pin           ; I/O Standard ; Near Tline Length ; Near Tline L per Length ; Near Tline C per Length ; Near Series R ; Near Differential R ; Near Pull-up R ; Near Pull-down R ; Near C ; Far Tline Length ; Far Tline L per Length ; Far Tline C per Length ; Far Series R ; Far Pull-up R ; Far Pull-down R ; Far C ; Termination Voltage ; Far Differential R ; EBD File Name ; EBD Signal Name ; EBD Far-end ;
+---------------+--------------+-------------------+-------------------------+-------------------------+---------------+---------------------+----------------+------------------+--------+------------------+------------------------+------------------------+--------------+---------------+-----------------+-------+---------------------+--------------------+---------------+-----------------+-------------+
; q_o[0]        ; 3.3-V LVTTL  ; 0 in              ; 0 H/in                  ; 0 F/in                  ; short         ; -                   ; open           ; open             ; open   ; 0 in             ; 0 H/in                 ; 0 F/in                 ; short        ; open          ; open            ; open  ; 0 V                 ; -                  ; n/a           ; n/a             ; n/a         ;
; q_o[1]        ; 3.3-V LVTTL  ; 0 in              ; 0 H/in                  ; 0 F/in                  ; short         ; -                   ; open           ; open             ; open   ; 0 in             ; 0 H/in                 ; 0 F/in                 ; short        ; open          ; open            ; open  ; 0 V                 ; -                  ; n/a           ; n/a             ; n/a         ;
; q_o[2]        ; 3.3-V LVTTL  ; 0 in              ; 0 H/in                  ; 0 F/in                  ; short         ; -                   ; open           ; open             ; open   ; 0 in             ; 0 H/in                 ; 0 F/in                 ; short        ; open          ; open            ; open  ; 0 V                 ; -                  ; n/a           ; n/a             ; n/a         ;
; q_o[3]        ; 3.3-V LVTTL  ; 0 in              ; 0 H/in                  ; 0 F/in                  ; short         ; -                   ; open           ; open             ; open   ; 0 in             ; 0 H/in                 ; 0 F/in                 ; short        ; open          ; open            ; open  ; 0 V                 ; -                  ; n/a           ; n/a             ; n/a         ;
; q_o[4]        ; 3.3-V LVTTL  ; 0 in              ; 0 H/in                  ; 0 F/in                  ; short         ; -                   ; open           ; open             ; open   ; 0 in             ; 0 H/in                 ; 0 F/in                 ; short        ; open          ; open            ; open  ; 0 V                 ; -                  ; n/a           ; n/a             ; n/a         ;
; q_o[5]        ; 3.3-V LVTTL  ; 0 in              ; 0 H/in                  ; 0 F/in                  ; short         ; -                   ; open           ; open             ; open   ; 0 in             ; 0 H/in                 ; 0 F/in                 ; short        ; open          ; open            ; open  ; 0 V                 ; -                  ; n/a           ; n/a             ; n/a         ;
; q_o[6]        ; 3.3-V LVTTL  ; 0 in              ; 0 H/in                  ; 0 F/in                  ; short         ; -                   ; open           ; open             ; open   ; 0 in             ; 0 H/in                 ; 0 F/in                 ; short        ; open          ; open            ; open  ; 0 V                 ; -                  ; n/a           ; n/a             ; n/a         ;
; q_o[7]        ; 3.3-V LVTTL  ; 0 in              ; 0 H/in                  ; 0 F/in                  ; short         ; -                   ; open           ; open             ; open   ; 0 in             ; 0 H/in                 ; 0 F/in                 ; short        ; open          ; open            ; open  ; 0 V                 ; -                  ; n/a           ; n/a             ; n/a         ;
; ~ALTERA_DCLK~ ; 2.5 V        ; 0 in              ; 0 H/in                  ; 0 F/in                  ; short         ; -                   ; open           ; open             ; open   ; 0 in             ; 0 H/in                 ; 0 F/in                 ; short        ; open          ; open            ; open  ; 0 V                 ; -                  ; n/a           ; n/a             ; n/a         ;
; ~ALTERA_nCEO~ ; 3.3-V LVTTL  ; 0 in              ; 0 H/in                  ; 0 F/in                  ; short         ; -                   ; open           ; open             ; open   ; 0 in             ; 0 H/in                 ; 0 F/in                 ; short        ; open          ; open            ; open  ; 0 V                 ; -                  ; n/a           ; n/a             ; n/a         ;
+---------------+--------------+-------------------+-------------------------+-------------------------+---------------+---------------------+----------------+------------------+--------+------------------+------------------------+------------------------+--------------+---------------+-----------------+-------+---------------------+--------------------+---------------+-----------------+-------------+


+----------------------------------------------------------------------------+
; Input Transition Times                                                     ;
+-------------------------+--------------+-----------------+-----------------+
; Pin                     ; I/O Standard ; 10-90 Rise Time ; 90-10 Fall Time ;
+-------------------------+--------------+-----------------+-----------------+
; en_i                    ; 3.3-V LVTTL  ; 2640 ps         ; 2640 ps         ;
; clk_i                   ; 3.3-V LVTTL  ; 2640 ps         ; 2640 ps         ;
; arst_i                  ; 3.3-V LVTTL  ; 2640 ps         ; 2640 ps         ;
; ~ALTERA_ASDO_DATA1~     ; 2.5 V        ; 2000 ps         ; 2000 ps         ;
; ~ALTERA_FLASH_nCE_nCSO~ ; 2.5 V        ; 2000 ps         ; 2000 ps         ;
; ~ALTERA_DATA0~          ; 2.5 V        ; 2000 ps         ; 2000 ps         ;
+-------------------------+--------------+-----------------+-----------------+


+--------------------------------------------------------------------------------------------------------------------------------------------------------------------------------------------------------------------------------------------------------------------------------------------------------------------------------------------------------------------------------------------------------------------------------------------------------------------------------------------------------------------------------------------------------------------------------------------------------------------------------------------------------------------------------------------+
; Signal Integrity Metrics (Slow 1200mv 0c Model)                                                                                                                                                                                                                                                                                                                                                                                                                                                                                                                                                                                                                                            ;
+---------------+--------------+---------------------+---------------------+------------------------------+------------------------------+---------------------+---------------------+--------------------------------------+--------------------------------------+-----------------------------+-----------------------------+----------------------------+----------------------------+-----------------------------+-----------------------------+--------------------+--------------------+-------------------------------------+-------------------------------------+----------------------------+----------------------------+---------------------------+---------------------------+
; Pin           ; I/O Standard ; Board Delay on Rise ; Board Delay on Fall ; Steady State Voh at FPGA Pin ; Steady State Vol at FPGA Pin ; Voh Max at FPGA Pin ; Vol Min at FPGA Pin ; Ringback Voltage on Rise at FPGA Pin ; Ringback Voltage on Fall at FPGA Pin ; 10-90 Rise Time at FPGA Pin ; 90-10 Fall Time at FPGA Pin ; Monotonic Rise at FPGA Pin ; Monotonic Fall at FPGA Pin ; Steady State Voh at Far-end ; Steady State Vol at Far-end ; Voh Max at Far-end ; Vol Min at Far-end ; Ringback Voltage on Rise at Far-end ; Ringback Voltage on Fall at Far-end ; 10-90 Rise Time at Far-end ; 90-10 Fall Time at Far-end ; Monotonic Rise at Far-end ; Monotonic Fall at Far-end ;
+---------------+--------------+---------------------+---------------------+------------------------------+------------------------------+---------------------+---------------------+--------------------------------------+--------------------------------------+-----------------------------+-----------------------------+----------------------------+----------------------------+-----------------------------+-----------------------------+--------------------+--------------------+-------------------------------------+-------------------------------------+----------------------------+----------------------------+---------------------------+---------------------------+
; q_o[0]        ; 3.3-V LVTTL  ; 0 s                 ; 0 s                 ; 3.08 V                       ; 8.89e-09 V                   ; 3.12 V              ; -0.11 V             ; 0.153 V                              ; 0.272 V                              ; 6.41e-10 s                  ; 4.57e-10 s                  ; No                         ; Yes                        ; 3.08 V                      ; 8.89e-09 V                  ; 3.12 V             ; -0.11 V            ; 0.153 V                             ; 0.272 V                             ; 6.41e-10 s                 ; 4.57e-10 s                 ; No                        ; Yes                       ;
; q_o[1]        ; 3.3-V LVTTL  ; 0 s                 ; 0 s                 ; 3.08 V                       ; 8.89e-09 V                   ; 3.12 V              ; -0.11 V             ; 0.153 V                              ; 0.272 V                              ; 6.41e-10 s                  ; 4.57e-10 s                  ; No                         ; Yes                        ; 3.08 V                      ; 8.89e-09 V                  ; 3.12 V             ; -0.11 V            ; 0.153 V                             ; 0.272 V                             ; 6.41e-10 s                 ; 4.57e-10 s                 ; No                        ; Yes                       ;
; q_o[2]        ; 3.3-V LVTTL  ; 0 s                 ; 0 s                 ; 3.08 V                       ; 8.89e-09 V                   ; 3.12 V              ; -0.11 V             ; 0.153 V                              ; 0.272 V                              ; 6.41e-10 s                  ; 4.57e-10 s                  ; No                         ; Yes                        ; 3.08 V                      ; 8.89e-09 V                  ; 3.12 V             ; -0.11 V            ; 0.153 V                             ; 0.272 V                             ; 6.41e-10 s                 ; 4.57e-10 s                 ; No                        ; Yes                       ;
; q_o[3]        ; 3.3-V LVTTL  ; 0 s                 ; 0 s                 ; 3.08 V                       ; 8.89e-09 V                   ; 3.09 V              ; -0.011 V            ; 0.196 V                              ; 0.301 V                              ; 4.93e-09 s                  ; 3.56e-09 s                  ; Yes                        ; Yes                        ; 3.08 V                      ; 8.89e-09 V                  ; 3.09 V             ; -0.011 V           ; 0.196 V                             ; 0.301 V                             ; 4.93e-09 s                 ; 3.56e-09 s                 ; Yes                       ; Yes                       ;
; q_o[4]        ; 3.3-V LVTTL  ; 0 s                 ; 0 s                 ; 3.08 V                       ; 8.89e-09 V                   ; 3.12 V              ; -0.11 V             ; 0.153 V                              ; 0.272 V                              ; 6.41e-10 s                  ; 4.57e-10 s                  ; No                         ; Yes                        ; 3.08 V                      ; 8.89e-09 V                  ; 3.12 V             ; -0.11 V            ; 0.153 V                             ; 0.272 V                             ; 6.41e-10 s                 ; 4.57e-10 s                 ; No                        ; Yes                       ;
; q_o[5]        ; 3.3-V LVTTL  ; 0 s                 ; 0 s                 ; 3.08 V                       ; 8.89e-09 V                   ; 3.12 V              ; -0.11 V             ; 0.153 V                              ; 0.272 V                              ; 6.41e-10 s                  ; 4.57e-10 s                  ; No                         ; Yes                        ; 3.08 V                      ; 8.89e-09 V                  ; 3.12 V             ; -0.11 V            ; 0.153 V                             ; 0.272 V                             ; 6.41e-10 s                 ; 4.57e-10 s                 ; No                        ; Yes                       ;
; q_o[6]        ; 3.3-V LVTTL  ; 0 s                 ; 0 s                 ; 3.08 V                       ; 8.89e-09 V                   ; 3.12 V              ; -0.11 V             ; 0.153 V                              ; 0.272 V                              ; 6.41e-10 s                  ; 4.57e-10 s                  ; No                         ; Yes                        ; 3.08 V                      ; 8.89e-09 V                  ; 3.12 V             ; -0.11 V            ; 0.153 V                             ; 0.272 V                             ; 6.41e-10 s                 ; 4.57e-10 s                 ; No                        ; Yes                       ;
; q_o[7]        ; 3.3-V LVTTL  ; 0 s                 ; 0 s                 ; 3.08 V                       ; 8.89e-09 V                   ; 3.12 V              ; -0.11 V             ; 0.153 V                              ; 0.272 V                              ; 6.41e-10 s                  ; 4.57e-10 s                  ; No                         ; Yes                        ; 3.08 V                      ; 8.89e-09 V                  ; 3.12 V             ; -0.11 V            ; 0.153 V                             ; 0.272 V                             ; 6.41e-10 s                 ; 4.57e-10 s                 ; No                        ; Yes                       ;
; ~ALTERA_DCLK~ ; 2.5 V        ; 0 s                 ; 0 s                 ; 2.32 V                       ; 1.74e-09 V                   ; 2.37 V              ; -0.0346 V           ; 0.198 V                              ; 0.094 V                              ; 3.14e-10 s                  ; 2.92e-10 s                  ; Yes                        ; Yes                        ; 2.32 V                      ; 1.74e-09 V                  ; 2.37 V             ; -0.0346 V          ; 0.198 V                             ; 0.094 V                             ; 3.14e-10 s                 ; 2.92e-10 s                 ; Yes                       ; Yes                       ;
; ~ALTERA_nCEO~ ; 3.3-V LVTTL  ; 0 s                 ; 0 s                 ; 3.08 V                       ; 6.38e-09 V                   ; 3.12 V              ; -0.0818 V           ; 0.205 V                              ; 0.244 V                              ; 8.86e-10 s                  ; 6.56e-10 s                  ; No                         ; No                         ; 3.08 V                      ; 6.38e-09 V                  ; 3.12 V             ; -0.0818 V          ; 0.205 V                             ; 0.244 V                             ; 8.86e-10 s                 ; 6.56e-10 s                 ; No                        ; No                        ;
+---------------+--------------+---------------------+---------------------+------------------------------+------------------------------+---------------------+---------------------+--------------------------------------+--------------------------------------+-----------------------------+-----------------------------+----------------------------+----------------------------+-----------------------------+-----------------------------+--------------------+--------------------+-------------------------------------+-------------------------------------+----------------------------+----------------------------+---------------------------+---------------------------+


+--------------------------------------------------------------------------------------------------------------------------------------------------------------------------------------------------------------------------------------------------------------------------------------------------------------------------------------------------------------------------------------------------------------------------------------------------------------------------------------------------------------------------------------------------------------------------------------------------------------------------------------------------------------------------------------------+
; Signal Integrity Metrics (Slow 1200mv 85c Model)                                                                                                                                                                                                                                                                                                                                                                                                                                                                                                                                                                                                                                           ;
+---------------+--------------+---------------------+---------------------+------------------------------+------------------------------+---------------------+---------------------+--------------------------------------+--------------------------------------+-----------------------------+-----------------------------+----------------------------+----------------------------+-----------------------------+-----------------------------+--------------------+--------------------+-------------------------------------+-------------------------------------+----------------------------+----------------------------+---------------------------+---------------------------+
; Pin           ; I/O Standard ; Board Delay on Rise ; Board Delay on Fall ; Steady State Voh at FPGA Pin ; Steady State Vol at FPGA Pin ; Voh Max at FPGA Pin ; Vol Min at FPGA Pin ; Ringback Voltage on Rise at FPGA Pin ; Ringback Voltage on Fall at FPGA Pin ; 10-90 Rise Time at FPGA Pin ; 90-10 Fall Time at FPGA Pin ; Monotonic Rise at FPGA Pin ; Monotonic Fall at FPGA Pin ; Steady State Voh at Far-end ; Steady State Vol at Far-end ; Voh Max at Far-end ; Vol Min at Far-end ; Ringback Voltage on Rise at Far-end ; Ringback Voltage on Fall at Far-end ; 10-90 Rise Time at Far-end ; 90-10 Fall Time at Far-end ; Monotonic Rise at Far-end ; Monotonic Fall at Far-end ;
+---------------+--------------+---------------------+---------------------+------------------------------+------------------------------+---------------------+---------------------+--------------------------------------+--------------------------------------+-----------------------------+-----------------------------+----------------------------+----------------------------+-----------------------------+-----------------------------+--------------------+--------------------+-------------------------------------+-------------------------------------+----------------------------+----------------------------+---------------------------+---------------------------+
; q_o[0]        ; 3.3-V LVTTL  ; 0 s                 ; 0 s                 ; 3.08 V                       ; 7.5e-07 V                    ; 3.11 V              ; -0.0503 V           ; 0.122 V                              ; 0.172 V                              ; 7.08e-10 s                  ; 6.43e-10 s                  ; Yes                        ; Yes                        ; 3.08 V                      ; 7.5e-07 V                   ; 3.11 V             ; -0.0503 V          ; 0.122 V                             ; 0.172 V                             ; 7.08e-10 s                 ; 6.43e-10 s                 ; Yes                       ; Yes                       ;
; q_o[1]        ; 3.3-V LVTTL  ; 0 s                 ; 0 s                 ; 3.08 V                       ; 7.5e-07 V                    ; 3.11 V              ; -0.0503 V           ; 0.122 V                              ; 0.172 V                              ; 7.08e-10 s                  ; 6.43e-10 s                  ; Yes                        ; Yes                        ; 3.08 V                      ; 7.5e-07 V                   ; 3.11 V             ; -0.0503 V          ; 0.122 V                             ; 0.172 V                             ; 7.08e-10 s                 ; 6.43e-10 s                 ; Yes                       ; Yes                       ;
; q_o[2]        ; 3.3-V LVTTL  ; 0 s                 ; 0 s                 ; 3.08 V                       ; 7.5e-07 V                    ; 3.11 V              ; -0.0503 V           ; 0.122 V                              ; 0.172 V                              ; 7.08e-10 s                  ; 6.43e-10 s                  ; Yes                        ; Yes                        ; 3.08 V                      ; 7.5e-07 V                   ; 3.11 V             ; -0.0503 V          ; 0.122 V                             ; 0.172 V                             ; 7.08e-10 s                 ; 6.43e-10 s                 ; Yes                       ; Yes                       ;
; q_o[3]        ; 3.3-V LVTTL  ; 0 s                 ; 0 s                 ; 3.08 V                       ; 7.5e-07 V                    ; 3.08 V              ; -0.00457 V          ; 0.185 V                              ; 0.21 V                               ; 5.8e-09 s                   ; 4.46e-09 s                  ; Yes                        ; Yes                        ; 3.08 V                      ; 7.5e-07 V                   ; 3.08 V             ; -0.00457 V         ; 0.185 V                             ; 0.21 V                              ; 5.8e-09 s                  ; 4.46e-09 s                 ; Yes                       ; Yes                       ;
; q_o[4]        ; 3.3-V LVTTL  ; 0 s                 ; 0 s                 ; 3.08 V                       ; 7.5e-07 V                    ; 3.11 V              ; -0.0503 V           ; 0.122 V                              ; 0.172 V                              ; 7.08e-10 s                  ; 6.43e-10 s                  ; Yes                        ; Yes                        ; 3.08 V                      ; 7.5e-07 V                   ; 3.11 V             ; -0.0503 V          ; 0.122 V                             ; 0.172 V                             ; 7.08e-10 s                 ; 6.43e-10 s                 ; Yes                       ; Yes                       ;
; q_o[5]        ; 3.3-V LVTTL  ; 0 s                 ; 0 s                 ; 3.08 V                       ; 7.5e-07 V                    ; 3.11 V              ; -0.0503 V           ; 0.122 V                              ; 0.172 V                              ; 7.08e-10 s                  ; 6.43e-10 s                  ; Yes                        ; Yes                        ; 3.08 V                      ; 7.5e-07 V                   ; 3.11 V             ; -0.0503 V          ; 0.122 V                             ; 0.172 V                             ; 7.08e-10 s                 ; 6.43e-10 s                 ; Yes                       ; Yes                       ;
; q_o[6]        ; 3.3-V LVTTL  ; 0 s                 ; 0 s                 ; 3.08 V                       ; 7.5e-07 V                    ; 3.11 V              ; -0.0503 V           ; 0.122 V                              ; 0.172 V                              ; 7.08e-10 s                  ; 6.43e-10 s                  ; Yes                        ; Yes                        ; 3.08 V                      ; 7.5e-07 V                   ; 3.11 V             ; -0.0503 V          ; 0.122 V                             ; 0.172 V                             ; 7.08e-10 s                 ; 6.43e-10 s                 ; Yes                       ; Yes                       ;
; q_o[7]        ; 3.3-V LVTTL  ; 0 s                 ; 0 s                 ; 3.08 V                       ; 7.5e-07 V                    ; 3.11 V              ; -0.0503 V           ; 0.122 V                              ; 0.172 V                              ; 7.08e-10 s                  ; 6.43e-10 s                  ; Yes                        ; Yes                        ; 3.08 V                      ; 7.5e-07 V                   ; 3.11 V             ; -0.0503 V          ; 0.122 V                             ; 0.172 V                             ; 7.08e-10 s                 ; 6.43e-10 s                 ; Yes                       ; Yes                       ;
; ~ALTERA_DCLK~ ; 2.5 V        ; 0 s                 ; 0 s                 ; 2.32 V                       ; 1.55e-07 V                   ; 2.35 V              ; -0.00221 V          ; 0.097 V                              ; 0.005 V                              ; 4.49e-10 s                  ; 3.85e-10 s                  ; Yes                        ; Yes                        ; 2.32 V                      ; 1.55e-07 V                  ; 2.35 V             ; -0.00221 V         ; 0.097 V                             ; 0.005 V                             ; 4.49e-10 s                 ; 3.85e-10 s                 ; Yes                       ; Yes                       ;
; ~ALTERA_nCEO~ ; 3.3-V LVTTL  ; 0 s                 ; 0 s                 ; 3.08 V                       ; 5.04e-07 V                   ; 3.11 V              ; -0.0469 V           ; 0.191 V                              ; 0.215 V                              ; 1.08e-09 s                  ; 8.62e-10 s                  ; Yes                        ; No                         ; 3.08 V                      ; 5.04e-07 V                  ; 3.11 V             ; -0.0469 V          ; 0.191 V                             ; 0.215 V                             ; 1.08e-09 s                 ; 8.62e-10 s                 ; Yes                       ; No                        ;
+---------------+--------------+---------------------+---------------------+------------------------------+------------------------------+---------------------+---------------------+--------------------------------------+--------------------------------------+-----------------------------+-----------------------------+----------------------------+----------------------------+-----------------------------+-----------------------------+--------------------+--------------------+-------------------------------------+-------------------------------------+----------------------------+----------------------------+---------------------------+---------------------------+


+--------------------------------------------------------------------------------------------------------------------------------------------------------------------------------------------------------------------------------------------------------------------------------------------------------------------------------------------------------------------------------------------------------------------------------------------------------------------------------------------------------------------------------------------------------------------------------------------------------------------------------------------------------------------------------------------+
; Signal Integrity Metrics (Fast 1200mv 0c Model)                                                                                                                                                                                                                                                                                                                                                                                                                                                                                                                                                                                                                                            ;
+---------------+--------------+---------------------+---------------------+------------------------------+------------------------------+---------------------+---------------------+--------------------------------------+--------------------------------------+-----------------------------+-----------------------------+----------------------------+----------------------------+-----------------------------+-----------------------------+--------------------+--------------------+-------------------------------------+-------------------------------------+----------------------------+----------------------------+---------------------------+---------------------------+
; Pin           ; I/O Standard ; Board Delay on Rise ; Board Delay on Fall ; Steady State Voh at FPGA Pin ; Steady State Vol at FPGA Pin ; Voh Max at FPGA Pin ; Vol Min at FPGA Pin ; Ringback Voltage on Rise at FPGA Pin ; Ringback Voltage on Fall at FPGA Pin ; 10-90 Rise Time at FPGA Pin ; 90-10 Fall Time at FPGA Pin ; Monotonic Rise at FPGA Pin ; Monotonic Fall at FPGA Pin ; Steady State Voh at Far-end ; Steady State Vol at Far-end ; Voh Max at Far-end ; Vol Min at Far-end ; Ringback Voltage on Rise at Far-end ; Ringback Voltage on Fall at Far-end ; 10-90 Rise Time at Far-end ; 90-10 Fall Time at Far-end ; Monotonic Rise at Far-end ; Monotonic Fall at Far-end ;
+---------------+--------------+---------------------+---------------------+------------------------------+------------------------------+---------------------+---------------------+--------------------------------------+--------------------------------------+-----------------------------+-----------------------------+----------------------------+----------------------------+-----------------------------+-----------------------------+--------------------+--------------------+-------------------------------------+-------------------------------------+----------------------------+----------------------------+---------------------------+---------------------------+
; q_o[0]        ; 3.3-V LVTTL  ; 0 s                 ; 0 s                 ; 3.46 V                       ; 1.85e-07 V                   ; 3.57 V              ; -0.141 V            ; 0.301 V                              ; 0.239 V                              ; 4.61e-10 s                  ; 4.2e-10 s                   ; No                         ; No                         ; 3.46 V                      ; 1.85e-07 V                  ; 3.57 V             ; -0.141 V           ; 0.301 V                             ; 0.239 V                             ; 4.61e-10 s                 ; 4.2e-10 s                  ; No                        ; No                        ;
; q_o[1]        ; 3.3-V LVTTL  ; 0 s                 ; 0 s                 ; 3.46 V                       ; 1.85e-07 V                   ; 3.57 V              ; -0.141 V            ; 0.301 V                              ; 0.239 V                              ; 4.61e-10 s                  ; 4.2e-10 s                   ; No                         ; No                         ; 3.46 V                      ; 1.85e-07 V                  ; 3.57 V             ; -0.141 V           ; 0.301 V                             ; 0.239 V                             ; 4.61e-10 s                 ; 4.2e-10 s                  ; No                        ; No                        ;
; q_o[2]        ; 3.3-V LVTTL  ; 0 s                 ; 0 s                 ; 3.46 V                       ; 1.85e-07 V                   ; 3.57 V              ; -0.141 V            ; 0.301 V                              ; 0.239 V                              ; 4.61e-10 s                  ; 4.2e-10 s                   ; No                         ; No                         ; 3.46 V                      ; 1.85e-07 V                  ; 3.57 V             ; -0.141 V           ; 0.301 V                             ; 0.239 V                             ; 4.61e-10 s                 ; 4.2e-10 s                  ; No                        ; No                        ;
; q_o[3]        ; 3.3-V LVTTL  ; 0 s                 ; 0 s                 ; 3.46 V                       ; 1.85e-07 V                   ; 3.48 V              ; -0.0173 V           ; 0.356 V                              ; 0.324 V                              ; 3.89e-09 s                  ; 3.06e-09 s                  ; No                         ; No                         ; 3.46 V                      ; 1.85e-07 V                  ; 3.48 V             ; -0.0173 V          ; 0.356 V                             ; 0.324 V                             ; 3.89e-09 s                 ; 3.06e-09 s                 ; No                        ; No                        ;
; q_o[4]        ; 3.3-V LVTTL  ; 0 s                 ; 0 s                 ; 3.46 V                       ; 1.85e-07 V                   ; 3.57 V              ; -0.141 V            ; 0.301 V                              ; 0.239 V                              ; 4.61e-10 s                  ; 4.2e-10 s                   ; No                         ; No                         ; 3.46 V                      ; 1.85e-07 V                  ; 3.57 V             ; -0.141 V           ; 0.301 V                             ; 0.239 V                             ; 4.61e-10 s                 ; 4.2e-10 s                  ; No                        ; No                        ;
; q_o[5]        ; 3.3-V LVTTL  ; 0 s                 ; 0 s                 ; 3.46 V                       ; 1.85e-07 V                   ; 3.57 V              ; -0.141 V            ; 0.301 V                              ; 0.239 V                              ; 4.61e-10 s                  ; 4.2e-10 s                   ; No                         ; No                         ; 3.46 V                      ; 1.85e-07 V                  ; 3.57 V             ; -0.141 V           ; 0.301 V                             ; 0.239 V                             ; 4.61e-10 s                 ; 4.2e-10 s                  ; No                        ; No                        ;
; q_o[6]        ; 3.3-V LVTTL  ; 0 s                 ; 0 s                 ; 3.46 V                       ; 1.85e-07 V                   ; 3.57 V              ; -0.141 V            ; 0.301 V                              ; 0.239 V                              ; 4.61e-10 s                  ; 4.2e-10 s                   ; No                         ; No                         ; 3.46 V                      ; 1.85e-07 V                  ; 3.57 V             ; -0.141 V           ; 0.301 V                             ; 0.239 V                             ; 4.61e-10 s                 ; 4.2e-10 s                  ; No                        ; No                        ;
; q_o[7]        ; 3.3-V LVTTL  ; 0 s                 ; 0 s                 ; 3.46 V                       ; 1.85e-07 V                   ; 3.57 V              ; -0.141 V            ; 0.301 V                              ; 0.239 V                              ; 4.61e-10 s                  ; 4.2e-10 s                   ; No                         ; No                         ; 3.46 V                      ; 1.85e-07 V                  ; 3.57 V             ; -0.141 V           ; 0.301 V                             ; 0.239 V                             ; 4.61e-10 s                 ; 4.2e-10 s                  ; No                        ; No                        ;
; ~ALTERA_DCLK~ ; 2.5 V        ; 0 s                 ; 0 s                 ; 2.62 V                       ; 2.22e-08 V                   ; 2.74 V              ; -0.06 V             ; 0.158 V                              ; 0.08 V                               ; 2.68e-10 s                  ; 2.19e-10 s                  ; Yes                        ; Yes                        ; 2.62 V                      ; 2.22e-08 V                  ; 2.74 V             ; -0.06 V            ; 0.158 V                             ; 0.08 V                              ; 2.68e-10 s                 ; 2.19e-10 s                 ; Yes                       ; Yes                       ;
; ~ALTERA_nCEO~ ; 3.3-V LVTTL  ; 0 s                 ; 0 s                 ; 3.46 V                       ; 1.25e-07 V                   ; 3.57 V              ; -0.0855 V           ; 0.315 V                              ; 0.175 V                              ; 6.79e-10 s                  ; 6.15e-10 s                  ; No                         ; No                         ; 3.46 V                      ; 1.25e-07 V                  ; 3.57 V             ; -0.0855 V          ; 0.315 V                             ; 0.175 V                             ; 6.79e-10 s                 ; 6.15e-10 s                 ; No                        ; No                        ;
+---------------+--------------+---------------------+---------------------+------------------------------+------------------------------+---------------------+---------------------+--------------------------------------+--------------------------------------+-----------------------------+-----------------------------+----------------------------+----------------------------+-----------------------------+-----------------------------+--------------------+--------------------+-------------------------------------+-------------------------------------+----------------------------+----------------------------+---------------------------+---------------------------+


+-------------------------------------------------------------------+
; Setup Transfers                                                   ;
+------------+----------+----------+----------+----------+----------+
; From Clock ; To Clock ; RR Paths ; FR Paths ; RF Paths ; FF Paths ;
+------------+----------+----------+----------+----------+----------+
; clk_i      ; clk_i    ; 36       ; 0        ; 0        ; 0        ;
+------------+----------+----------+----------+----------+----------+
Entries labeled "false path" only account for clock-to-clock false paths and not path-based false paths. As a result, actual path counts may be lower than reported.


+-------------------------------------------------------------------+
; Hold Transfers                                                    ;
+------------+----------+----------+----------+----------+----------+
; From Clock ; To Clock ; RR Paths ; FR Paths ; RF Paths ; FF Paths ;
+------------+----------+----------+----------+----------+----------+
; clk_i      ; clk_i    ; 36       ; 0        ; 0        ; 0        ;
+------------+----------+----------+----------+----------+----------+
Entries labeled "false path" only account for clock-to-clock false paths and not path-based false paths. As a result, actual path counts may be lower than reported.


---------------
; Report TCCS ;
---------------
No dedicated SERDES Transmitter circuitry present in device or used in design


---------------
; Report RSKM ;
---------------
No non-DPA dedicated SERDES Receiver circuitry present in device or used in design


+------------------------------------------------+
; Unconstrained Paths Summary                    ;
+---------------------------------+-------+------+
; Property                        ; Setup ; Hold ;
+---------------------------------+-------+------+
; Illegal Clocks                  ; 0     ; 0    ;
; Unconstrained Clocks            ; 0     ; 0    ;
; Unconstrained Input Ports       ; 2     ; 2    ;
; Unconstrained Input Port Paths  ; 16    ; 16   ;
; Unconstrained Output Ports      ; 8     ; 8    ;
; Unconstrained Output Port Paths ; 8     ; 8    ;
+---------------------------------+-------+------+


+-------------------------------------+
; Clock Status Summary                ;
+--------+-------+------+-------------+
; Target ; Clock ; Type ; Status      ;
+--------+-------+------+-------------+
; clk_i  ; clk_i ; Base ; Constrained ;
+--------+-------+------+-------------+


+---------------------------------------------------------------------------------------------------+
; Unconstrained Input Ports                                                                         ;
+------------+--------------------------------------------------------------------------------------+
; Input Port ; Comment                                                                              ;
+------------+--------------------------------------------------------------------------------------+
; arst_i     ; No input delay, min/max delays, false-path exceptions, or max skew assignments found ;
; en_i       ; No input delay, min/max delays, false-path exceptions, or max skew assignments found ;
+------------+--------------------------------------------------------------------------------------+


+-----------------------------------------------------------------------------------------------------+
; Unconstrained Output Ports                                                                          ;
+-------------+---------------------------------------------------------------------------------------+
; Output Port ; Comment                                                                               ;
+-------------+---------------------------------------------------------------------------------------+
; q_o[0]      ; No output delay, min/max delays, false-path exceptions, or max skew assignments found ;
; q_o[1]      ; No output delay, min/max delays, false-path exceptions, or max skew assignments found ;
; q_o[2]      ; No output delay, min/max delays, false-path exceptions, or max skew assignments found ;
; q_o[3]      ; No output delay, min/max delays, false-path exceptions, or max skew assignments found ;
; q_o[4]      ; No output delay, min/max delays, false-path exceptions, or max skew assignments found ;
; q_o[5]      ; No output delay, min/max delays, false-path exceptions, or max skew assignments found ;
; q_o[6]      ; No output delay, min/max delays, false-path exceptions, or max skew assignments found ;
; q_o[7]      ; No output delay, min/max delays, false-path exceptions, or max skew assignments found ;
+-------------+---------------------------------------------------------------------------------------+


+---------------------------------------------------------------------------------------------------+
; Unconstrained Input Ports                                                                         ;
+------------+--------------------------------------------------------------------------------------+
; Input Port ; Comment                                                                              ;
+------------+--------------------------------------------------------------------------------------+
; arst_i     ; No input delay, min/max delays, false-path exceptions, or max skew assignments found ;
; en_i       ; No input delay, min/max delays, false-path exceptions, or max skew assignments found ;
+------------+--------------------------------------------------------------------------------------+


+-----------------------------------------------------------------------------------------------------+
; Unconstrained Output Ports                                                                          ;
+-------------+---------------------------------------------------------------------------------------+
; Output Port ; Comment                                                                               ;
+-------------+---------------------------------------------------------------------------------------+
; q_o[0]      ; No output delay, min/max delays, false-path exceptions, or max skew assignments found ;
; q_o[1]      ; No output delay, min/max delays, false-path exceptions, or max skew assignments found ;
; q_o[2]      ; No output delay, min/max delays, false-path exceptions, or max skew assignments found ;
; q_o[3]      ; No output delay, min/max delays, false-path exceptions, or max skew assignments found ;
; q_o[4]      ; No output delay, min/max delays, false-path exceptions, or max skew assignments found ;
; q_o[5]      ; No output delay, min/max delays, false-path exceptions, or max skew assignments found ;
; q_o[6]      ; No output delay, min/max delays, false-path exceptions, or max skew assignments found ;
; q_o[7]      ; No output delay, min/max delays, false-path exceptions, or max skew assignments found ;
+-------------+---------------------------------------------------------------------------------------+


+--------------------------+
; Timing Analyzer Messages ;
+--------------------------+
Info: *******************************************************************
Info: Running Quartus Prime Timing Analyzer
    Info: Version 19.1.0 Build 670 09/22/2019 SJ Lite Edition
    Info: Processing started: Thu Oct 28 15:20:06 2021
Info: Command: quartus_sta counter2 -c counter2
Info: qsta_default_script.tcl version: #1
Warning (18236): Number of processors has not been specified which may cause overloading on shared machines.  Set the global assignment NUM_PARALLEL_PROCESSORS in your QSF to an appropriate value for best performance.
Info (20029): Only one processor detected - disabling parallel compilation
Info (21076): High junction temperature operating condition is not set. Assuming a default value of '85'.
Info (21076): Low junction temperature operating condition is not set. Assuming a default value of '0'.
Info (332104): Reading SDC File: '../counter2.sdc'
Info (332151): Clock uncertainty is not calculated until you update the timing netlist.
Info (332123): Deriving Clock Uncertainty. Please refer to report_sdc in the Timing Analyzer to see clock uncertainties.
Info: Found TIMING_ANALYZER_REPORT_SCRIPT_INCLUDE_DEFAULT_ANALYSIS = ON
Info: Analyzing Slow 1200mV 85C Model
Info (332146): Worst-case setup slack is 22.659
    Info (332119):     Slack       End Point TNS Clock 
    Info (332119): ========= =================== =====================
    Info (332119):    22.659               0.000 clk_i 
Info (332146): Worst-case hold slack is 0.453
    Info (332119):     Slack       End Point TNS Clock 
    Info (332119): ========= =================== =====================
    Info (332119):     0.453               0.000 clk_i 
Info (332140): No Recovery paths to report
Info (332140): No Removal paths to report
Info (332146): Worst-case minimum pulse width slack is 12.196
    Info (332119):     Slack       End Point TNS Clock 
    Info (332119): ========= =================== =====================
    Info (332119):    12.196               0.000 clk_i 
Info: Analyzing Slow 1200mV 0C Model
Info (334003): Started post-fitting delay annotation
Info (334004): Delay annotation completed successfully
Info (332123): Deriving Clock Uncertainty. Please refer to report_sdc in the Timing Analyzer to see clock uncertainties.
Info (332146): Worst-case setup slack is 22.906
    Info (332119):     Slack       End Point TNS Clock 
    Info (332119): ========= =================== =====================
    Info (332119):    22.906               0.000 clk_i 
Info (332146): Worst-case hold slack is 0.401
    Info (332119):     Slack       End Point TNS Clock 
    Info (332119): ========= =================== =====================
    Info (332119):     0.401               0.000 clk_i 
Info (332140): No Recovery paths to report
Info (332140): No Removal paths to report
Info (332146): Worst-case minimum pulse width slack is 12.210
    Info (332119):     Slack       End Point TNS Clock 
    Info (332119): ========= =================== =====================
    Info (332119):    12.210               0.000 clk_i 
Info: Analyzing Fast 1200mV 0C Model
Info (332123): Deriving Clock Uncertainty. Please refer to report_sdc in the Timing Analyzer to see clock uncertainties.
Info (332146): Worst-case setup slack is 23.978
    Info (332119):     Slack       End Point TNS Clock 
    Info (332119): ========= =================== =====================
    Info (332119):    23.978               0.000 clk_i 
Info (332146): Worst-case hold slack is 0.186
    Info (332119):     Slack       End Point TNS Clock 
    Info (332119): ========= =================== =====================
    Info (332119):     0.186               0.000 clk_i 
Info (332140): No Recovery paths to report
Info (332140): No Removal paths to report
Info (332146): Worst-case minimum pulse width slack is 11.741
    Info (332119):     Slack       End Point TNS Clock 
    Info (332119): ========= =================== =====================
    Info (332119):    11.741               0.000 clk_i 
Info (332102): Design is not fully constrained for setup requirements
Info (332102): Design is not fully constrained for hold requirements
Info: Quartus Prime Timing Analyzer was successful. 0 errors, 1 warning
    Info: Peak virtual memory: 778 megabytes
    Info: Processing ended: Thu Oct 28 15:20:13 2021
    Info: Elapsed time: 00:00:07
    Info: Total CPU time (on all processors): 00:00:05


